2020-10-20 14:24:09,649 INFO o.a.j.u.JMeterUtils: Setting Locale to en_EN
2020-10-20 14:24:09,712 INFO o.a.j.JMeter: Loading user properties from: C:\Users\USER\apache-jmeter-5.3\bin\user.properties
2020-10-20 14:24:09,714 INFO o.a.j.JMeter: Loading system properties from: C:\Users\USER\apache-jmeter-5.3\bin\system.properties
2020-10-20 14:24:09,720 INFO o.a.j.JMeter: Copyright (c) 1998-2020 The Apache Software Foundation
2020-10-20 14:24:09,721 INFO o.a.j.JMeter: Version 5.3
2020-10-20 14:24:09,721 INFO o.a.j.JMeter: java.version=14.0.1
2020-10-20 14:24:09,721 INFO o.a.j.JMeter: java.vm.name=Java HotSpot(TM) 64-Bit Server VM
2020-10-20 14:24:09,721 INFO o.a.j.JMeter: os.name=Windows 10
2020-10-20 14:24:09,721 INFO o.a.j.JMeter: os.arch=amd64
2020-10-20 14:24:09,721 INFO o.a.j.JMeter: os.version=10.0
2020-10-20 14:24:09,722 INFO o.a.j.JMeter: file.encoding=Cp1252
2020-10-20 14:24:09,722 INFO o.a.j.JMeter: java.awt.headless=true
2020-10-20 14:24:09,722 INFO o.a.j.JMeter: Max memory     =1073741824
2020-10-20 14:24:09,722 INFO o.a.j.JMeter: Available Processors =4
2020-10-20 14:24:09,741 INFO o.a.j.JMeter: Default Locale=English (EN)
2020-10-20 14:24:09,742 INFO o.a.j.JMeter: JMeter  Locale=English (EN)
2020-10-20 14:24:09,742 INFO o.a.j.JMeter: JMeterHome=C:\Users\USER\apache-jmeter-5.3
2020-10-20 14:24:09,742 INFO o.a.j.JMeter: user.dir  =C:\Users\USER\Desktop\JMeter-BlazeDemo\JMX Files
2020-10-20 14:24:09,743 INFO o.a.j.JMeter: PWD       =C:\Users\USER\Desktop\JMeter-BlazeDemo\JMX Files
2020-10-20 14:24:09,750 INFO o.a.j.JMeter: IP: 192.168.1.79 Name: SangivGiovanni FullName: SangivGiovanni.broadband
2020-10-20 14:24:09,755 INFO o.a.j.JMeter: Setting property 'jmeter.reportgenerator.outputdir' to:'C:\Users\USER\Desktop\JMeter-BlazeDemo\Test Reports\BlazeMeterSpikeResults'
2020-10-20 14:24:09,760 INFO o.a.j.s.FileServer: Default base='C:\Users\USER\Desktop\JMeter-BlazeDemo\JMX Files'
2020-10-20 14:24:09,762 INFO o.a.j.s.FileServer: Set new base='C:\Users\USER\Desktop\JMeter-BlazeDemo\JMX Files'
2020-10-20 14:24:09,950 INFO o.a.j.s.SaveService: Testplan (JMX) version: 2.2. Testlog (JTL) version: 2.2
2020-10-20 14:24:09,984 INFO o.a.j.s.SaveService: Using SaveService properties version 5.0
2020-10-20 14:24:09,990 INFO o.a.j.s.SaveService: Using SaveService properties file encoding UTF-8
2020-10-20 14:24:09,995 INFO o.a.j.s.SaveService: Loading file: BlazeMeterSpikeTest.jmx
2020-10-20 14:24:10,053 INFO o.a.j.p.h.s.HTTPSamplerBase: Parser for text/html is org.apache.jmeter.protocol.http.parser.LagartoBasedHtmlParser
2020-10-20 14:24:10,053 INFO o.a.j.p.h.s.HTTPSamplerBase: Parser for application/xhtml+xml is org.apache.jmeter.protocol.http.parser.LagartoBasedHtmlParser
2020-10-20 14:24:10,053 INFO o.a.j.p.h.s.HTTPSamplerBase: Parser for application/xml is org.apache.jmeter.protocol.http.parser.LagartoBasedHtmlParser
2020-10-20 14:24:10,053 INFO o.a.j.p.h.s.HTTPSamplerBase: Parser for text/xml is org.apache.jmeter.protocol.http.parser.LagartoBasedHtmlParser
2020-10-20 14:24:10,054 INFO o.a.j.p.h.s.HTTPSamplerBase: Parser for text/vnd.wap.wml is org.apache.jmeter.protocol.http.parser.RegexpHTMLParser
2020-10-20 14:24:10,054 INFO o.a.j.p.h.s.HTTPSamplerBase: Parser for text/css is org.apache.jmeter.protocol.http.parser.CssParser
2020-10-20 14:24:10,085 INFO o.a.j.JMeter: Creating summariser <summary>
2020-10-20 14:24:10,091 INFO o.a.j.r.d.ReportGenerator: ReportGenerator will use for Parsing the separator: ','
2020-10-20 14:24:10,092 INFO o.a.j.r.d.ReportGenerator: Will generate report at end of test from  results file: C:\Users\USER\Desktop\JMeter-BlazeDemo\Test Reports\BlazeMeterSpikeResults\SpikeReport.csv
2020-10-20 14:24:10,092 INFO o.a.j.r.d.ReportGenerator: Reading report generator properties from: C:\Users\USER\apache-jmeter-5.3\bin\reportgenerator.properties
2020-10-20 14:24:10,092 INFO o.a.j.r.d.ReportGenerator: Merging with JMeter properties
2020-10-20 14:24:10,098 INFO o.a.j.r.c.ReportGeneratorConfiguration: Property 'jmeter.reportgenerator.temp_dir' not found, using default value 'temp' instead.
2020-10-20 14:24:10,102 INFO o.a.j.r.c.ReportGeneratorConfiguration: Property 'jmeter.reportgenerator.apdex_per_transaction' not found, using default value 'null' instead.
2020-10-20 14:24:10,104 INFO o.a.j.r.c.ReportGeneratorConfiguration: apdex_per_transaction is empty, not APDEX per transaction customization
2020-10-20 14:24:10,104 INFO o.a.j.r.c.ReportGeneratorConfiguration: Property 'jmeter.reportgenerator.sample_filter' not found, using default value 'null' instead.
2020-10-20 14:24:10,105 INFO o.a.j.r.c.ReportGeneratorConfiguration: Property 'jmeter.reportgenerator.report_title' not found, using default value 'null' instead.
2020-10-20 14:24:10,106 INFO o.a.j.r.c.ReportGeneratorConfiguration: Property 'jmeter.reportgenerator.start_date' not found, using default value 'null' instead.
2020-10-20 14:24:10,106 INFO o.a.j.r.c.ReportGeneratorConfiguration: Property 'jmeter.reportgenerator.end_date' not found, using default value 'null' instead.
2020-10-20 14:24:10,106 INFO o.a.j.r.c.ReportGeneratorConfiguration: Property 'jmeter.reportgenerator.date_format' not found, using default value 'null' instead.
2020-10-20 14:24:10,107 INFO o.a.j.r.c.ReportGeneratorConfiguration: Will use date range start date: null, end date: null
2020-10-20 14:24:10,114 INFO o.a.j.r.c.ReportGeneratorConfiguration: Property 'jmeter.reportgenerator.graph.totalTPS.exclude_controllers' not found, using default value 'false' instead.
2020-10-20 14:24:10,114 INFO o.a.j.r.c.ReportGeneratorConfiguration: Property 'jmeter.reportgenerator.graph.activeThreadsOverTime.exclude_controllers' not found, using default value 'false' instead.
2020-10-20 14:24:10,115 INFO o.a.j.r.c.ReportGeneratorConfiguration: Property 'jmeter.reportgenerator.graph.timeVsThreads.exclude_controllers' not found, using default value 'false' instead.
2020-10-20 14:24:10,115 INFO o.a.j.r.c.ReportGeneratorConfiguration: Property 'jmeter.reportgenerator.graph.responseTimeDistribution.exclude_controllers' not found, using default value 'false' instead.
2020-10-20 14:24:10,115 INFO o.a.j.r.c.ReportGeneratorConfiguration: Property 'jmeter.reportgenerator.graph.transactionsPerSecond.exclude_controllers' not found, using default value 'false' instead.
2020-10-20 14:24:10,116 INFO o.a.j.r.c.ReportGeneratorConfiguration: Property 'jmeter.reportgenerator.graph.responseTimePercentiles.exclude_controllers' not found, using default value 'false' instead.
2020-10-20 14:24:10,116 INFO o.a.j.r.c.ReportGeneratorConfiguration: Property 'jmeter.reportgenerator.graph.responseTimePercentilesOverTime.exclude_controllers' not found, using default value 'false' instead.
2020-10-20 14:24:10,116 INFO o.a.j.r.c.ReportGeneratorConfiguration: Property 'jmeter.reportgenerator.graph.responseTimesOverTime.exclude_controllers' not found, using default value 'false' instead.
2020-10-20 14:24:10,117 INFO o.a.j.r.c.ReportGeneratorConfiguration: Property 'jmeter.reportgenerator.graph.connectTimeOverTime.exclude_controllers' not found, using default value 'false' instead.
2020-10-20 14:24:10,117 INFO o.a.j.r.c.ReportGeneratorConfiguration: Property 'jmeter.reportgenerator.graph.latenciesOverTime.exclude_controllers' not found, using default value 'false' instead.
2020-10-20 14:24:10,119 INFO o.a.j.r.c.ReportGeneratorConfiguration: Property 'jmeter.reportgenerator.exporter.json.filters_only_sample_series' not found, using default value 'true' instead.
2020-10-20 14:24:10,119 INFO o.a.j.r.c.ReportGeneratorConfiguration: Property 'jmeter.reportgenerator.exporter.json.series_filter' not found, using default value '' instead.
2020-10-20 14:24:10,119 INFO o.a.j.r.c.ReportGeneratorConfiguration: Property 'jmeter.reportgenerator.exporter.json.show_controllers_only' not found, using default value 'false' instead.
2020-10-20 14:24:10,121 INFO o.a.j.r.c.ReportGeneratorConfiguration: Property 'jmeter.reportgenerator.exporter.html.filters_only_sample_series' not found, using default value 'true' instead.
2020-10-20 14:24:10,121 INFO o.a.j.r.c.ReportGeneratorConfiguration: Property 'jmeter.reportgenerator.exporter.html.series_filter' not found, using default value '' instead.
2020-10-20 14:24:10,121 INFO o.a.j.r.c.ReportGeneratorConfiguration: Property 'jmeter.reportgenerator.exporter.html.show_controllers_only' not found, using default value 'false' instead.
2020-10-20 14:24:10,129 INFO o.a.j.e.StandardJMeterEngine: Running the test!
2020-10-20 14:24:10,131 INFO o.a.j.s.SampleEvent: List of sample_variables: []
2020-10-20 14:24:10,131 INFO o.a.j.s.SampleEvent: List of sample_variables: []
2020-10-20 14:24:10,142 INFO o.a.j.e.u.CompoundVariable: Note: Function class names must contain the string: '.functions.'
2020-10-20 14:24:10,142 INFO o.a.j.e.u.CompoundVariable: Note: Function class names must not contain the string: '.gui.'
2020-10-20 14:24:10,677 INFO o.a.j.JMeter: Running test (1603200250677)
2020-10-20 14:24:10,706 INFO o.a.j.e.StandardJMeterEngine: Starting ThreadGroup: 1 : jp@gc - Ultimate Thread Group - SpikeTest
2020-10-20 14:24:10,706 INFO o.a.j.e.StandardJMeterEngine: Starting 200 threads for group jp@gc - Ultimate Thread Group - SpikeTest.
2020-10-20 14:24:10,706 INFO o.a.j.e.StandardJMeterEngine: Thread will continue on error
2020-10-20 14:24:10,707 INFO k.a.j.t.AbstractSimpleThreadGroup: Starting thread group number 1 threads 200
2020-10-20 14:24:10,860 INFO k.a.j.t.AbstractSimpleThreadGroup: Started thread group number 1
2020-10-20 14:24:10,860 INFO o.a.j.e.StandardJMeterEngine: All thread groups have been started
2020-10-20 14:24:30,717 INFO o.a.j.t.JMeterThread: Thread started: jp@gc - Ultimate Thread Group - SpikeTest 1-200
2020-10-20 14:24:30,727 INFO o.a.j.t.JMeterThread: Thread started: jp@gc - Ultimate Thread Group - SpikeTest 1-199
2020-10-20 14:24:30,737 INFO o.a.j.t.JMeterThread: Thread started: jp@gc - Ultimate Thread Group - SpikeTest 1-198
2020-10-20 14:24:30,747 INFO o.a.j.t.JMeterThread: Thread started: jp@gc - Ultimate Thread Group - SpikeTest 1-197
2020-10-20 14:24:30,759 INFO o.a.j.t.JMeterThread: Thread started: jp@gc - Ultimate Thread Group - SpikeTest 1-196
2020-10-20 14:24:30,768 INFO o.a.j.t.JMeterThread: Thread started: jp@gc - Ultimate Thread Group - SpikeTest 1-195
2020-10-20 14:24:30,777 INFO o.a.j.t.JMeterThread: Thread started: jp@gc - Ultimate Thread Group - SpikeTest 1-194
2020-10-20 14:24:30,787 INFO o.a.j.t.JMeterThread: Thread started: jp@gc - Ultimate Thread Group - SpikeTest 1-193
2020-10-20 14:24:30,799 INFO o.a.j.t.JMeterThread: Thread started: jp@gc - Ultimate Thread Group - SpikeTest 1-192
2020-10-20 14:24:30,807 INFO o.a.j.t.JMeterThread: Thread started: jp@gc - Ultimate Thread Group - SpikeTest 1-191
2020-10-20 14:24:30,814 INFO o.a.j.p.h.s.HTTPHCAbstractImpl: Local host = SangivGiovanni
2020-10-20 14:24:30,820 INFO o.a.j.t.JMeterThread: Thread started: jp@gc - Ultimate Thread Group - SpikeTest 1-190
2020-10-20 14:24:30,830 INFO o.a.j.t.JMeterThread: Thread started: jp@gc - Ultimate Thread Group - SpikeTest 1-189
2020-10-20 14:24:30,837 INFO o.a.j.t.JMeterThread: Thread started: jp@gc - Ultimate Thread Group - SpikeTest 1-188
2020-10-20 14:24:30,847 INFO o.a.j.t.JMeterThread: Thread started: jp@gc - Ultimate Thread Group - SpikeTest 1-187
2020-10-20 14:24:30,853 INFO o.a.j.p.h.s.HTTPHC4Impl: HTTP request retry count = 0
2020-10-20 14:24:30,858 INFO o.a.j.s.SampleResult: Note: Sample TimeStamps are START times
2020-10-20 14:24:30,857 INFO o.a.j.t.JMeterThread: Thread started: jp@gc - Ultimate Thread Group - SpikeTest 1-186
2020-10-20 14:24:30,858 INFO o.a.j.s.SampleResult: sampleresult.default.encoding is set to ISO-8859-1
2020-10-20 14:24:30,859 INFO o.a.j.s.SampleResult: sampleresult.useNanoTime=true
2020-10-20 14:24:30,859 INFO o.a.j.s.SampleResult: sampleresult.nanoThreadSleep=5000
2020-10-20 14:24:30,867 INFO o.a.j.t.JMeterThread: Thread started: jp@gc - Ultimate Thread Group - SpikeTest 1-185
2020-10-20 14:24:30,879 INFO o.a.j.t.JMeterThread: Thread started: jp@gc - Ultimate Thread Group - SpikeTest 1-184
2020-10-20 14:24:30,888 INFO o.a.j.t.JMeterThread: Thread started: jp@gc - Ultimate Thread Group - SpikeTest 1-183
2020-10-20 14:24:30,920 INFO o.a.j.t.JMeterThread: Thread started: jp@gc - Ultimate Thread Group - SpikeTest 1-182
2020-10-20 14:24:30,924 INFO o.a.j.t.JMeterThread: Thread started: jp@gc - Ultimate Thread Group - SpikeTest 1-181
2020-10-20 14:24:30,927 INFO o.a.j.t.JMeterThread: Thread started: jp@gc - Ultimate Thread Group - SpikeTest 1-180
2020-10-20 14:24:30,932 INFO o.a.j.t.JMeterThread: Thread started: jp@gc - Ultimate Thread Group - SpikeTest 1-179
2020-10-20 14:24:30,938 INFO o.a.j.t.JMeterThread: Thread started: jp@gc - Ultimate Thread Group - SpikeTest 1-178
2020-10-20 14:24:30,948 INFO o.a.j.t.JMeterThread: Thread started: jp@gc - Ultimate Thread Group - SpikeTest 1-177
2020-10-20 14:24:30,958 INFO o.a.j.t.JMeterThread: Thread started: jp@gc - Ultimate Thread Group - SpikeTest 1-176
2020-10-20 14:24:30,968 INFO o.a.j.t.JMeterThread: Thread started: jp@gc - Ultimate Thread Group - SpikeTest 1-175
2020-10-20 14:24:30,978 INFO o.a.j.t.JMeterThread: Thread started: jp@gc - Ultimate Thread Group - SpikeTest 1-174
2020-10-20 14:24:30,988 INFO o.a.j.t.JMeterThread: Thread started: jp@gc - Ultimate Thread Group - SpikeTest 1-173
2020-10-20 14:24:30,998 INFO o.a.j.t.JMeterThread: Thread started: jp@gc - Ultimate Thread Group - SpikeTest 1-172
2020-10-20 14:24:31,012 INFO o.a.j.t.JMeterThread: Thread started: jp@gc - Ultimate Thread Group - SpikeTest 1-171
2020-10-20 14:24:31,034 INFO o.a.j.t.JMeterThread: Thread started: jp@gc - Ultimate Thread Group - SpikeTest 1-170
2020-10-20 14:24:31,034 INFO o.a.j.t.JMeterThread: Thread started: jp@gc - Ultimate Thread Group - SpikeTest 1-169
2020-10-20 14:24:31,045 INFO o.a.j.t.JMeterThread: Thread started: jp@gc - Ultimate Thread Group - SpikeTest 1-168
2020-10-20 14:24:31,049 INFO o.a.j.t.JMeterThread: Thread started: jp@gc - Ultimate Thread Group - SpikeTest 1-167
2020-10-20 14:24:31,058 INFO o.a.j.t.JMeterThread: Thread started: jp@gc - Ultimate Thread Group - SpikeTest 1-166
2020-10-20 14:24:31,070 INFO o.a.j.t.JMeterThread: Thread started: jp@gc - Ultimate Thread Group - SpikeTest 1-165
2020-10-20 14:24:31,080 INFO o.a.j.t.JMeterThread: Thread started: jp@gc - Ultimate Thread Group - SpikeTest 1-164
2020-10-20 14:24:31,088 INFO o.a.j.t.JMeterThread: Thread started: jp@gc - Ultimate Thread Group - SpikeTest 1-163
2020-10-20 14:24:31,102 INFO o.a.j.p.h.s.h.LazyLayeredConnectionSocketFactory: Setting up HTTPS TrustAll Socket Factory
2020-10-20 14:24:31,098 INFO o.a.j.t.JMeterThread: Thread started: jp@gc - Ultimate Thread Group - SpikeTest 1-162
2020-10-20 14:24:31,108 INFO o.a.j.t.JMeterThread: Thread started: jp@gc - Ultimate Thread Group - SpikeTest 1-161
2020-10-20 14:24:31,110 INFO o.a.j.u.JsseSSLManager: Using default SSL protocol: TLS
2020-10-20 14:24:31,110 INFO o.a.j.u.JsseSSLManager: SSL session context: per-thread
2020-10-20 14:24:31,160 INFO o.a.j.t.JMeterThread: Thread started: jp@gc - Ultimate Thread Group - SpikeTest 1-160
2020-10-20 14:24:31,181 INFO o.a.j.t.JMeterThread: Thread started: jp@gc - Ultimate Thread Group - SpikeTest 1-159
2020-10-20 14:24:31,186 INFO o.a.j.t.JMeterThread: Thread started: jp@gc - Ultimate Thread Group - SpikeTest 1-158
2020-10-20 14:24:31,187 INFO o.a.j.t.JMeterThread: Thread started: jp@gc - Ultimate Thread Group - SpikeTest 1-156
2020-10-20 14:24:31,188 INFO o.a.j.t.JMeterThread: Thread started: jp@gc - Ultimate Thread Group - SpikeTest 1-155
2020-10-20 14:24:31,190 INFO o.a.j.t.JMeterThread: Thread started: jp@gc - Ultimate Thread Group - SpikeTest 1-154
2020-10-20 14:24:31,197 INFO o.a.j.t.JMeterThread: Thread started: jp@gc - Ultimate Thread Group - SpikeTest 1-157
2020-10-20 14:24:31,198 INFO o.a.j.t.JMeterThread: Thread started: jp@gc - Ultimate Thread Group - SpikeTest 1-153
2020-10-20 14:24:31,209 INFO o.a.j.t.JMeterThread: Thread started: jp@gc - Ultimate Thread Group - SpikeTest 1-152
2020-10-20 14:24:31,209 INFO o.a.j.t.JMeterThread: Thread started: jp@gc - Ultimate Thread Group - SpikeTest 1-151
2020-10-20 14:24:31,219 INFO o.a.j.t.JMeterThread: Thread started: jp@gc - Ultimate Thread Group - SpikeTest 1-150
2020-10-20 14:24:31,228 INFO o.a.j.t.JMeterThread: Thread started: jp@gc - Ultimate Thread Group - SpikeTest 1-149
2020-10-20 14:24:31,237 INFO o.a.j.t.JMeterThread: Thread started: jp@gc - Ultimate Thread Group - SpikeTest 1-148
2020-10-20 14:24:31,248 INFO o.a.j.t.JMeterThread: Thread started: jp@gc - Ultimate Thread Group - SpikeTest 1-147
2020-10-20 14:24:31,260 INFO o.a.j.t.JMeterThread: Thread started: jp@gc - Ultimate Thread Group - SpikeTest 1-146
2020-10-20 14:24:31,272 INFO o.a.j.t.JMeterThread: Thread started: jp@gc - Ultimate Thread Group - SpikeTest 1-145
2020-10-20 14:24:31,279 INFO o.a.j.t.JMeterThread: Thread started: jp@gc - Ultimate Thread Group - SpikeTest 1-144
2020-10-20 14:24:31,287 INFO o.a.j.t.JMeterThread: Thread started: jp@gc - Ultimate Thread Group - SpikeTest 1-143
2020-10-20 14:24:31,297 INFO o.a.j.t.JMeterThread: Thread started: jp@gc - Ultimate Thread Group - SpikeTest 1-142
2020-10-20 14:24:31,313 INFO o.a.j.t.JMeterThread: Thread started: jp@gc - Ultimate Thread Group - SpikeTest 1-141
2020-10-20 14:24:31,320 INFO o.a.j.t.JMeterThread: Thread started: jp@gc - Ultimate Thread Group - SpikeTest 1-140
2020-10-20 14:24:31,333 INFO o.a.j.t.JMeterThread: Thread started: jp@gc - Ultimate Thread Group - SpikeTest 1-139
2020-10-20 14:24:31,345 INFO o.a.j.u.SSLManager: JmeterKeyStore Location:  type JKS
2020-10-20 14:24:31,350 INFO o.a.j.u.SSLManager: KeyStore created OK
2020-10-20 14:24:31,350 WARN o.a.j.u.SSLManager: Keystore file not found, loading empty keystore
2020-10-20 14:24:31,405 INFO o.a.j.t.JMeterThread: Thread started: jp@gc - Ultimate Thread Group - SpikeTest 1-138
2020-10-20 14:24:31,410 INFO o.a.j.t.JMeterThread: Thread started: jp@gc - Ultimate Thread Group - SpikeTest 1-137
2020-10-20 14:24:31,432 INFO o.a.j.t.JMeterThread: Thread started: jp@gc - Ultimate Thread Group - SpikeTest 1-136
2020-10-20 14:24:31,434 INFO o.a.j.t.JMeterThread: Thread started: jp@gc - Ultimate Thread Group - SpikeTest 1-135
2020-10-20 14:24:31,437 INFO o.a.j.t.JMeterThread: Thread started: jp@gc - Ultimate Thread Group - SpikeTest 1-134
2020-10-20 14:24:31,441 INFO o.a.j.t.JMeterThread: Thread started: jp@gc - Ultimate Thread Group - SpikeTest 1-133
2020-10-20 14:24:31,445 INFO o.a.j.t.JMeterThread: Thread started: jp@gc - Ultimate Thread Group - SpikeTest 1-132
2020-10-20 14:24:31,450 INFO o.a.j.t.JMeterThread: Thread started: jp@gc - Ultimate Thread Group - SpikeTest 1-131
2020-10-20 14:24:31,451 INFO o.a.j.t.JMeterThread: Thread started: jp@gc - Ultimate Thread Group - SpikeTest 1-130
2020-10-20 14:24:31,451 INFO o.a.j.t.JMeterThread: Thread started: jp@gc - Ultimate Thread Group - SpikeTest 1-129
2020-10-20 14:24:31,459 INFO o.a.j.t.JMeterThread: Thread started: jp@gc - Ultimate Thread Group - SpikeTest 1-128
2020-10-20 14:24:31,475 INFO o.a.j.t.JMeterThread: Thread started: jp@gc - Ultimate Thread Group - SpikeTest 1-127
2020-10-20 14:24:31,486 INFO o.a.j.t.JMeterThread: Thread started: jp@gc - Ultimate Thread Group - SpikeTest 1-126
2020-10-20 14:24:31,488 INFO o.a.j.t.JMeterThread: Thread started: jp@gc - Ultimate Thread Group - SpikeTest 1-125
2020-10-20 14:24:31,490 INFO o.a.j.t.JMeterThread: Thread started: jp@gc - Ultimate Thread Group - SpikeTest 1-124
2020-10-20 14:24:31,500 INFO o.a.j.t.JMeterThread: Thread started: jp@gc - Ultimate Thread Group - SpikeTest 1-123
2020-10-20 14:24:31,508 INFO o.a.j.t.JMeterThread: Thread started: jp@gc - Ultimate Thread Group - SpikeTest 1-122
2020-10-20 14:24:31,511 INFO o.a.j.t.JMeterThread: Thread started: jp@gc - Ultimate Thread Group - SpikeTest 1-121
2020-10-20 14:24:31,520 INFO o.a.j.t.JMeterThread: Thread started: jp@gc - Ultimate Thread Group - SpikeTest 1-120
2020-10-20 14:24:31,553 INFO o.a.j.t.JMeterThread: Thread started: jp@gc - Ultimate Thread Group - SpikeTest 1-119
2020-10-20 14:24:31,557 INFO o.a.j.t.JMeterThread: Thread started: jp@gc - Ultimate Thread Group - SpikeTest 1-118
2020-10-20 14:24:31,558 INFO o.a.j.t.JMeterThread: Thread started: jp@gc - Ultimate Thread Group - SpikeTest 1-117
2020-10-20 14:24:31,565 INFO o.a.j.t.JMeterThread: Thread started: jp@gc - Ultimate Thread Group - SpikeTest 1-116
2020-10-20 14:24:31,568 INFO o.a.j.t.JMeterThread: Thread started: jp@gc - Ultimate Thread Group - SpikeTest 1-115
2020-10-20 14:24:31,578 INFO o.a.j.t.JMeterThread: Thread started: jp@gc - Ultimate Thread Group - SpikeTest 1-114
2020-10-20 14:24:31,588 INFO o.a.j.t.JMeterThread: Thread started: jp@gc - Ultimate Thread Group - SpikeTest 1-113
2020-10-20 14:24:31,598 INFO o.a.j.t.JMeterThread: Thread started: jp@gc - Ultimate Thread Group - SpikeTest 1-112
2020-10-20 14:24:31,618 INFO o.a.j.t.JMeterThread: Thread started: jp@gc - Ultimate Thread Group - SpikeTest 1-111
2020-10-20 14:24:31,632 INFO o.a.j.t.JMeterThread: Thread started: jp@gc - Ultimate Thread Group - SpikeTest 1-110
2020-10-20 14:24:31,632 INFO o.a.j.t.JMeterThread: Thread started: jp@gc - Ultimate Thread Group - SpikeTest 1-109
2020-10-20 14:24:31,638 INFO o.a.j.t.JMeterThread: Thread started: jp@gc - Ultimate Thread Group - SpikeTest 1-108
2020-10-20 14:24:31,649 INFO o.a.j.t.JMeterThread: Thread started: jp@gc - Ultimate Thread Group - SpikeTest 1-107
2020-10-20 14:24:31,658 INFO o.a.j.t.JMeterThread: Thread started: jp@gc - Ultimate Thread Group - SpikeTest 1-106
2020-10-20 14:24:31,816 INFO o.a.j.t.JMeterThread: Thread started: jp@gc - Ultimate Thread Group - SpikeTest 1-105
2020-10-20 14:24:31,834 INFO o.a.j.t.JMeterThread: Thread started: jp@gc - Ultimate Thread Group - SpikeTest 1-104
2020-10-20 14:24:33,783 INFO o.a.j.t.JMeterThread: Thread started: jp@gc - Ultimate Thread Group - SpikeTest 1-103
2020-10-20 14:24:33,786 INFO o.a.j.t.JMeterThread: Thread started: jp@gc - Ultimate Thread Group - SpikeTest 1-102
2020-10-20 14:24:33,787 INFO o.a.j.t.JMeterThread: Thread started: jp@gc - Ultimate Thread Group - SpikeTest 1-101
2020-10-20 14:24:33,801 INFO o.a.j.t.JMeterThread: Thread started: jp@gc - Ultimate Thread Group - SpikeTest 1-100
2020-10-20 14:24:33,808 INFO o.a.j.t.JMeterThread: Thread started: jp@gc - Ultimate Thread Group - SpikeTest 1-98
2020-10-20 14:24:33,806 INFO o.a.j.t.JMeterThread: Thread started: jp@gc - Ultimate Thread Group - SpikeTest 1-99
2020-10-20 14:24:33,869 INFO o.a.j.t.JMeterThread: Thread started: jp@gc - Ultimate Thread Group - SpikeTest 1-97
2020-10-20 14:24:33,871 INFO o.a.j.t.JMeterThread: Thread started: jp@gc - Ultimate Thread Group - SpikeTest 1-96
2020-10-20 14:24:33,875 INFO o.a.j.t.JMeterThread: Thread started: jp@gc - Ultimate Thread Group - SpikeTest 1-95
2020-10-20 14:24:33,875 INFO o.a.j.t.JMeterThread: Thread started: jp@gc - Ultimate Thread Group - SpikeTest 1-93
2020-10-20 14:24:33,920 INFO o.a.j.t.JMeterThread: Thread started: jp@gc - Ultimate Thread Group - SpikeTest 1-17
2020-10-20 14:24:33,875 INFO o.a.j.t.JMeterThread: Thread started: jp@gc - Ultimate Thread Group - SpikeTest 1-94
2020-10-20 14:24:33,938 INFO o.a.j.t.JMeterThread: Thread started: jp@gc - Ultimate Thread Group - SpikeTest 1-18
2020-10-20 14:24:33,938 INFO o.a.j.t.JMeterThread: Thread started: jp@gc - Ultimate Thread Group - SpikeTest 1-20
2020-10-20 14:24:33,938 INFO o.a.j.t.JMeterThread: Thread started: jp@gc - Ultimate Thread Group - SpikeTest 1-19
2020-10-20 14:24:33,939 INFO o.a.j.t.JMeterThread: Thread started: jp@gc - Ultimate Thread Group - SpikeTest 1-16
2020-10-20 14:24:33,982 INFO o.a.j.t.JMeterThread: Thread started: jp@gc - Ultimate Thread Group - SpikeTest 1-15
2020-10-20 14:24:34,019 INFO o.a.j.t.JMeterThread: Thread started: jp@gc - Ultimate Thread Group - SpikeTest 1-36
2020-10-20 14:24:34,020 INFO o.a.j.t.JMeterThread: Thread started: jp@gc - Ultimate Thread Group - SpikeTest 1-41
2020-10-20 14:24:34,020 INFO o.a.j.t.JMeterThread: Thread started: jp@gc - Ultimate Thread Group - SpikeTest 1-39
2020-10-20 14:24:34,023 INFO o.a.j.t.JMeterThread: Thread started: jp@gc - Ultimate Thread Group - SpikeTest 1-35
2020-10-20 14:24:34,060 INFO o.a.j.t.JMeterThread: Thread started: jp@gc - Ultimate Thread Group - SpikeTest 1-31
2020-10-20 14:24:34,063 INFO o.a.j.t.JMeterThread: Thread started: jp@gc - Ultimate Thread Group - SpikeTest 1-34
2020-10-20 14:24:34,053 INFO o.a.j.t.JMeterThread: Thread started: jp@gc - Ultimate Thread Group - SpikeTest 1-38
2020-10-20 14:24:34,105 INFO o.a.j.t.JMeterThread: Thread started: jp@gc - Ultimate Thread Group - SpikeTest 1-40
2020-10-20 14:24:34,116 INFO o.a.j.t.JMeterThread: Thread started: jp@gc - Ultimate Thread Group - SpikeTest 1-14
2020-10-20 14:24:34,111 INFO o.a.j.t.JMeterThread: Thread started: jp@gc - Ultimate Thread Group - SpikeTest 1-32
2020-10-20 14:24:34,136 INFO o.a.j.t.JMeterThread: Thread started: jp@gc - Ultimate Thread Group - SpikeTest 1-42
2020-10-20 14:24:34,141 INFO o.a.j.t.JMeterThread: Thread started: jp@gc - Ultimate Thread Group - SpikeTest 1-13
2020-10-20 14:24:34,141 INFO o.a.j.t.JMeterThread: Thread started: jp@gc - Ultimate Thread Group - SpikeTest 1-28
2020-10-20 14:24:34,178 INFO o.a.j.t.JMeterThread: Thread started: jp@gc - Ultimate Thread Group - SpikeTest 1-21
2020-10-20 14:24:34,183 INFO o.a.j.t.JMeterThread: Thread started: jp@gc - Ultimate Thread Group - SpikeTest 1-26
2020-10-20 14:24:34,213 INFO o.a.j.t.JMeterThread: Thread started: jp@gc - Ultimate Thread Group - SpikeTest 1-29
2020-10-20 14:24:34,214 INFO o.a.j.t.JMeterThread: Thread started: jp@gc - Ultimate Thread Group - SpikeTest 1-23
2020-10-20 14:24:34,224 INFO o.a.j.t.JMeterThread: Thread started: jp@gc - Ultimate Thread Group - SpikeTest 1-27
2020-10-20 14:24:34,230 INFO o.a.j.t.JMeterThread: Thread started: jp@gc - Ultimate Thread Group - SpikeTest 1-25
2020-10-20 14:24:34,254 INFO o.a.j.t.JMeterThread: Thread started: jp@gc - Ultimate Thread Group - SpikeTest 1-24
2020-10-20 14:24:34,256 INFO o.a.j.t.JMeterThread: Thread started: jp@gc - Ultimate Thread Group - SpikeTest 1-22
2020-10-20 14:24:34,258 INFO o.a.j.t.JMeterThread: Thread started: jp@gc - Ultimate Thread Group - SpikeTest 1-33
2020-10-20 14:24:34,258 INFO o.a.j.t.JMeterThread: Thread started: jp@gc - Ultimate Thread Group - SpikeTest 1-30
2020-10-20 14:24:34,329 INFO o.a.j.t.JMeterThread: Thread started: jp@gc - Ultimate Thread Group - SpikeTest 1-43
2020-10-20 14:24:34,329 INFO o.a.j.t.JMeterThread: Thread started: jp@gc - Ultimate Thread Group - SpikeTest 1-47
2020-10-20 14:24:34,332 INFO o.a.j.t.JMeterThread: Thread started: jp@gc - Ultimate Thread Group - SpikeTest 1-46
2020-10-20 14:24:34,335 INFO o.a.j.t.JMeterThread: Thread started: jp@gc - Ultimate Thread Group - SpikeTest 1-44
2020-10-20 14:24:34,363 INFO o.a.j.t.JMeterThread: Thread started: jp@gc - Ultimate Thread Group - SpikeTest 1-45
2020-10-20 14:24:34,364 INFO o.a.j.t.JMeterThread: Thread started: jp@gc - Ultimate Thread Group - SpikeTest 1-92
2020-10-20 14:24:34,373 INFO o.a.j.t.JMeterThread: Thread started: jp@gc - Ultimate Thread Group - SpikeTest 1-52
2020-10-20 14:24:34,374 INFO o.a.j.t.JMeterThread: Thread started: jp@gc - Ultimate Thread Group - SpikeTest 1-51
2020-10-20 14:24:34,387 INFO o.a.j.t.JMeterThread: Thread started: jp@gc - Ultimate Thread Group - SpikeTest 1-49
2020-10-20 14:24:34,404 INFO o.a.j.t.JMeterThread: Thread started: jp@gc - Ultimate Thread Group - SpikeTest 1-48
2020-10-20 14:24:34,404 INFO o.a.j.t.JMeterThread: Thread started: jp@gc - Ultimate Thread Group - SpikeTest 1-50
2020-10-20 14:24:34,405 INFO o.a.j.t.JMeterThread: Thread started: jp@gc - Ultimate Thread Group - SpikeTest 1-54
2020-10-20 14:24:34,405 INFO o.a.j.t.JMeterThread: Thread started: jp@gc - Ultimate Thread Group - SpikeTest 1-91
2020-10-20 14:24:34,405 INFO o.a.j.t.JMeterThread: Thread started: jp@gc - Ultimate Thread Group - SpikeTest 1-53
2020-10-20 14:24:34,405 INFO o.a.j.t.JMeterThread: Thread started: jp@gc - Ultimate Thread Group - SpikeTest 1-57
2020-10-20 14:24:34,406 INFO o.a.j.t.JMeterThread: Thread started: jp@gc - Ultimate Thread Group - SpikeTest 1-56
2020-10-20 14:24:34,407 INFO o.a.j.t.JMeterThread: Thread started: jp@gc - Ultimate Thread Group - SpikeTest 1-55
2020-10-20 14:24:34,407 INFO o.a.j.t.JMeterThread: Thread started: jp@gc - Ultimate Thread Group - SpikeTest 1-62
2020-10-20 14:24:34,408 INFO o.a.j.t.JMeterThread: Thread started: jp@gc - Ultimate Thread Group - SpikeTest 1-58
2020-10-20 14:24:34,409 INFO o.a.j.t.JMeterThread: Thread started: jp@gc - Ultimate Thread Group - SpikeTest 1-59
2020-10-20 14:24:34,485 INFO o.a.j.t.JMeterThread: Thread started: jp@gc - Ultimate Thread Group - SpikeTest 1-90
2020-10-20 14:24:34,411 INFO o.a.j.t.JMeterThread: Thread started: jp@gc - Ultimate Thread Group - SpikeTest 1-61
2020-10-20 14:24:34,523 INFO o.a.j.t.JMeterThread: Thread started: jp@gc - Ultimate Thread Group - SpikeTest 1-63
2020-10-20 14:24:34,532 INFO o.a.j.t.JMeterThread: Thread started: jp@gc - Ultimate Thread Group - SpikeTest 1-1
2020-10-20 14:24:34,554 INFO o.a.j.t.JMeterThread: Thread started: jp@gc - Ultimate Thread Group - SpikeTest 1-2
2020-10-20 14:24:34,559 INFO o.a.j.t.JMeterThread: Thread started: jp@gc - Ultimate Thread Group - SpikeTest 1-3
2020-10-20 14:24:34,560 INFO o.a.j.t.JMeterThread: Thread started: jp@gc - Ultimate Thread Group - SpikeTest 1-4
2020-10-20 14:24:34,586 INFO o.a.j.t.JMeterThread: Thread started: jp@gc - Ultimate Thread Group - SpikeTest 1-5
2020-10-20 14:24:34,658 INFO o.a.j.t.JMeterThread: Thread started: jp@gc - Ultimate Thread Group - SpikeTest 1-37
2020-10-20 14:24:34,662 INFO o.a.j.t.JMeterThread: Thread started: jp@gc - Ultimate Thread Group - SpikeTest 1-6
2020-10-20 14:24:34,695 INFO o.a.j.t.JMeterThread: Thread started: jp@gc - Ultimate Thread Group - SpikeTest 1-7
2020-10-20 14:24:34,699 INFO o.a.j.t.JMeterThread: Thread started: jp@gc - Ultimate Thread Group - SpikeTest 1-8
2020-10-20 14:24:34,700 INFO o.a.j.t.JMeterThread: Thread started: jp@gc - Ultimate Thread Group - SpikeTest 1-9
2020-10-20 14:24:34,703 INFO o.a.j.t.JMeterThread: Thread started: jp@gc - Ultimate Thread Group - SpikeTest 1-10
2020-10-20 14:24:34,732 INFO o.a.j.t.JMeterThread: Thread started: jp@gc - Ultimate Thread Group - SpikeTest 1-11
2020-10-20 14:24:34,756 INFO o.a.j.t.JMeterThread: Thread started: jp@gc - Ultimate Thread Group - SpikeTest 1-12
2020-10-20 14:24:34,785 INFO o.a.j.t.JMeterThread: Thread started: jp@gc - Ultimate Thread Group - SpikeTest 1-83
2020-10-20 14:24:34,788 INFO o.a.j.t.JMeterThread: Thread started: jp@gc - Ultimate Thread Group - SpikeTest 1-87
2020-10-20 14:24:34,788 INFO o.a.j.t.JMeterThread: Thread started: jp@gc - Ultimate Thread Group - SpikeTest 1-88
2020-10-20 14:24:34,794 INFO o.a.j.t.JMeterThread: Thread started: jp@gc - Ultimate Thread Group - SpikeTest 1-77
2020-10-20 14:24:34,795 INFO o.a.j.t.JMeterThread: Thread started: jp@gc - Ultimate Thread Group - SpikeTest 1-82
2020-10-20 14:24:34,821 INFO o.a.j.t.JMeterThread: Thread started: jp@gc - Ultimate Thread Group - SpikeTest 1-81
2020-10-20 14:24:34,818 INFO o.a.j.t.JMeterThread: Thread started: jp@gc - Ultimate Thread Group - SpikeTest 1-78
2020-10-20 14:24:34,845 INFO o.a.j.t.JMeterThread: Thread started: jp@gc - Ultimate Thread Group - SpikeTest 1-86
2020-10-20 14:24:34,848 INFO o.a.j.t.JMeterThread: Thread started: jp@gc - Ultimate Thread Group - SpikeTest 1-74
2020-10-20 14:24:34,848 INFO o.a.j.t.JMeterThread: Thread started: jp@gc - Ultimate Thread Group - SpikeTest 1-76
2020-10-20 14:24:34,849 INFO o.a.j.t.JMeterThread: Thread started: jp@gc - Ultimate Thread Group - SpikeTest 1-80
2020-10-20 14:24:34,850 INFO o.a.j.t.JMeterThread: Thread started: jp@gc - Ultimate Thread Group - SpikeTest 1-84
2020-10-20 14:24:34,852 INFO o.a.j.t.JMeterThread: Thread started: jp@gc - Ultimate Thread Group - SpikeTest 1-85
2020-10-20 14:24:34,873 INFO o.a.j.t.JMeterThread: Thread started: jp@gc - Ultimate Thread Group - SpikeTest 1-70
2020-10-20 14:24:34,873 INFO o.a.j.t.JMeterThread: Thread started: jp@gc - Ultimate Thread Group - SpikeTest 1-89
2020-10-20 14:24:34,873 INFO o.a.j.t.JMeterThread: Thread started: jp@gc - Ultimate Thread Group - SpikeTest 1-72
2020-10-20 14:24:34,876 INFO o.a.j.t.JMeterThread: Thread started: jp@gc - Ultimate Thread Group - SpikeTest 1-75
2020-10-20 14:24:34,877 INFO o.a.j.t.JMeterThread: Thread started: jp@gc - Ultimate Thread Group - SpikeTest 1-71
2020-10-20 14:24:34,878 INFO o.a.j.t.JMeterThread: Thread started: jp@gc - Ultimate Thread Group - SpikeTest 1-68
2020-10-20 14:24:34,878 INFO o.a.j.t.JMeterThread: Thread started: jp@gc - Ultimate Thread Group - SpikeTest 1-73
2020-10-20 14:24:34,485 INFO o.a.j.t.JMeterThread: Thread started: jp@gc - Ultimate Thread Group - SpikeTest 1-60
2020-10-20 14:24:34,893 INFO o.a.j.t.JMeterThread: Thread started: jp@gc - Ultimate Thread Group - SpikeTest 1-67
2020-10-20 14:24:34,894 INFO o.a.j.t.JMeterThread: Thread started: jp@gc - Ultimate Thread Group - SpikeTest 1-64
2020-10-20 14:24:34,896 INFO o.a.j.t.JMeterThread: Thread started: jp@gc - Ultimate Thread Group - SpikeTest 1-65
2020-10-20 14:24:34,898 INFO o.a.j.t.JMeterThread: Thread started: jp@gc - Ultimate Thread Group - SpikeTest 1-69
2020-10-20 14:24:34,912 INFO o.a.j.t.JMeterThread: Thread started: jp@gc - Ultimate Thread Group - SpikeTest 1-66
2020-10-20 14:24:34,793 INFO o.a.j.t.JMeterThread: Thread started: jp@gc - Ultimate Thread Group - SpikeTest 1-79
2020-10-20 14:24:35,009 INFO o.a.j.r.Summariser: summary +      1 in 00:00:24 =    0.0/s Avg:  3936 Min:  3936 Max:  3936 Err:     1 (100.00%) Active: 200 Started: 200 Finished: 0
2020-10-20 14:24:35,067 INFO o.a.j.t.JMeterThread: Stopping because end time detected by thread: jp@gc - Ultimate Thread Group - SpikeTest 1-83
2020-10-20 14:24:35,067 INFO o.a.j.t.JMeterThread: Thread finished: jp@gc - Ultimate Thread Group - SpikeTest 1-83
2020-10-20 14:24:35,082 INFO o.a.j.t.JMeterThread: Stopping because end time detected by thread: jp@gc - Ultimate Thread Group - SpikeTest 1-172
2020-10-20 14:24:35,083 INFO o.a.j.t.JMeterThread: Thread finished: jp@gc - Ultimate Thread Group - SpikeTest 1-172
2020-10-20 14:24:35,103 INFO o.a.j.t.JMeterThread: Stopping because end time detected by thread: jp@gc - Ultimate Thread Group - SpikeTest 1-82
2020-10-20 14:24:35,105 INFO o.a.j.t.JMeterThread: Stopping because end time detected by thread: jp@gc - Ultimate Thread Group - SpikeTest 1-191
2020-10-20 14:24:35,106 INFO o.a.j.t.JMeterThread: Thread finished: jp@gc - Ultimate Thread Group - SpikeTest 1-191
2020-10-20 14:24:35,103 INFO o.a.j.t.JMeterThread: Thread finished: jp@gc - Ultimate Thread Group - SpikeTest 1-82
2020-10-20 14:24:35,116 INFO o.a.j.t.JMeterThread: Stopping because end time detected by thread: jp@gc - Ultimate Thread Group - SpikeTest 1-121
2020-10-20 14:24:35,116 INFO o.a.j.t.JMeterThread: Thread finished: jp@gc - Ultimate Thread Group - SpikeTest 1-121
2020-10-20 14:24:35,130 INFO o.a.j.t.JMeterThread: Stopping because end time detected by thread: jp@gc - Ultimate Thread Group - SpikeTest 1-173
2020-10-20 14:24:35,132 INFO o.a.j.t.JMeterThread: Thread finished: jp@gc - Ultimate Thread Group - SpikeTest 1-173
2020-10-20 14:24:35,164 INFO o.a.j.t.JMeterThread: Stopping because end time detected by thread: jp@gc - Ultimate Thread Group - SpikeTest 1-134
2020-10-20 14:24:35,164 INFO o.a.j.t.JMeterThread: Thread finished: jp@gc - Ultimate Thread Group - SpikeTest 1-134
2020-10-20 14:24:35,167 INFO o.a.j.t.JMeterThread: Stopping because end time detected by thread: jp@gc - Ultimate Thread Group - SpikeTest 1-168
2020-10-20 14:24:35,167 INFO o.a.j.t.JMeterThread: Thread finished: jp@gc - Ultimate Thread Group - SpikeTest 1-168
2020-10-20 14:24:35,170 INFO o.a.j.t.JMeterThread: Stopping because end time detected by thread: jp@gc - Ultimate Thread Group - SpikeTest 1-62
2020-10-20 14:24:35,170 INFO o.a.j.t.JMeterThread: Thread finished: jp@gc - Ultimate Thread Group - SpikeTest 1-62
2020-10-20 14:24:35,193 INFO o.a.j.t.JMeterThread: Stopping because end time detected by thread: jp@gc - Ultimate Thread Group - SpikeTest 1-162
2020-10-20 14:24:35,193 INFO o.a.j.t.JMeterThread: Thread finished: jp@gc - Ultimate Thread Group - SpikeTest 1-162
2020-10-20 14:24:35,196 INFO o.a.j.t.JMeterThread: Stopping because end time detected by thread: jp@gc - Ultimate Thread Group - SpikeTest 1-56
2020-10-20 14:24:35,197 INFO o.a.j.t.JMeterThread: Thread finished: jp@gc - Ultimate Thread Group - SpikeTest 1-56
2020-10-20 14:24:35,206 INFO o.a.j.t.JMeterThread: Stopping because end time detected by thread: jp@gc - Ultimate Thread Group - SpikeTest 1-161
2020-10-20 14:24:35,206 INFO o.a.j.t.JMeterThread: Thread finished: jp@gc - Ultimate Thread Group - SpikeTest 1-161
2020-10-20 14:24:35,218 INFO o.a.j.t.JMeterThread: Stopping because end time detected by thread: jp@gc - Ultimate Thread Group - SpikeTest 1-77
2020-10-20 14:24:35,218 INFO o.a.j.t.JMeterThread: Thread finished: jp@gc - Ultimate Thread Group - SpikeTest 1-77
2020-10-20 14:24:35,230 INFO o.a.j.t.JMeterThread: Stopping because end time detected by thread: jp@gc - Ultimate Thread Group - SpikeTest 1-170
2020-10-20 14:24:35,230 INFO o.a.j.t.JMeterThread: Thread finished: jp@gc - Ultimate Thread Group - SpikeTest 1-170
2020-10-20 14:24:35,232 INFO o.a.j.t.JMeterThread: Stopping because end time detected by thread: jp@gc - Ultimate Thread Group - SpikeTest 1-86
2020-10-20 14:24:35,232 INFO o.a.j.t.JMeterThread: Thread finished: jp@gc - Ultimate Thread Group - SpikeTest 1-86
2020-10-20 14:24:35,239 INFO o.a.j.t.JMeterThread: Stopping because end time detected by thread: jp@gc - Ultimate Thread Group - SpikeTest 1-67
2020-10-20 14:24:35,240 INFO o.a.j.t.JMeterThread: Thread finished: jp@gc - Ultimate Thread Group - SpikeTest 1-67
2020-10-20 14:24:35,268 INFO o.a.j.t.JMeterThread: Stopping because end time detected by thread: jp@gc - Ultimate Thread Group - SpikeTest 1-181
2020-10-20 14:24:35,268 INFO o.a.j.t.JMeterThread: Thread finished: jp@gc - Ultimate Thread Group - SpikeTest 1-181
2020-10-20 14:24:35,297 INFO o.a.j.t.JMeterThread: Stopping because end time detected by thread: jp@gc - Ultimate Thread Group - SpikeTest 1-50
2020-10-20 14:24:35,298 INFO o.a.j.t.JMeterThread: Thread finished: jp@gc - Ultimate Thread Group - SpikeTest 1-50
2020-10-20 14:24:35,298 INFO o.a.j.t.JMeterThread: Stopping because end time detected by thread: jp@gc - Ultimate Thread Group - SpikeTest 1-60
2020-10-20 14:24:35,298 INFO o.a.j.t.JMeterThread: Stopping because end time detected by thread: jp@gc - Ultimate Thread Group - SpikeTest 1-75
2020-10-20 14:24:35,299 INFO o.a.j.t.JMeterThread: Thread finished: jp@gc - Ultimate Thread Group - SpikeTest 1-75
2020-10-20 14:24:35,298 INFO o.a.j.t.JMeterThread: Stopping because end time detected by thread: jp@gc - Ultimate Thread Group - SpikeTest 1-88
2020-10-20 14:24:35,299 INFO o.a.j.t.JMeterThread: Thread finished: jp@gc - Ultimate Thread Group - SpikeTest 1-88
2020-10-20 14:24:35,299 INFO o.a.j.t.JMeterThread: Thread finished: jp@gc - Ultimate Thread Group - SpikeTest 1-60
2020-10-20 14:24:35,341 INFO o.a.j.t.JMeterThread: Stopping because end time detected by thread: jp@gc - Ultimate Thread Group - SpikeTest 1-68
2020-10-20 14:24:35,341 INFO o.a.j.t.JMeterThread: Thread finished: jp@gc - Ultimate Thread Group - SpikeTest 1-68
2020-10-20 14:24:35,341 INFO o.a.j.t.JMeterThread: Stopping because end time detected by thread: jp@gc - Ultimate Thread Group - SpikeTest 1-71
2020-10-20 14:24:35,341 INFO o.a.j.t.JMeterThread: Thread finished: jp@gc - Ultimate Thread Group - SpikeTest 1-71
2020-10-20 14:24:35,345 INFO o.a.j.t.JMeterThread: Stopping because end time detected by thread: jp@gc - Ultimate Thread Group - SpikeTest 1-152
2020-10-20 14:24:35,346 INFO o.a.j.t.JMeterThread: Thread finished: jp@gc - Ultimate Thread Group - SpikeTest 1-152
2020-10-20 14:24:35,402 INFO o.a.j.t.JMeterThread: Stopping because end time detected by thread: jp@gc - Ultimate Thread Group - SpikeTest 1-130
2020-10-20 14:24:35,403 INFO o.a.j.t.JMeterThread: Thread finished: jp@gc - Ultimate Thread Group - SpikeTest 1-130
2020-10-20 14:24:35,404 INFO o.a.j.t.JMeterThread: Stopping because end time detected by thread: jp@gc - Ultimate Thread Group - SpikeTest 1-57
2020-10-20 14:24:35,404 INFO o.a.j.t.JMeterThread: Thread finished: jp@gc - Ultimate Thread Group - SpikeTest 1-57
2020-10-20 14:24:35,408 INFO o.a.j.t.JMeterThread: Stopping because end time detected by thread: jp@gc - Ultimate Thread Group - SpikeTest 1-148
2020-10-20 14:24:35,408 INFO o.a.j.t.JMeterThread: Thread finished: jp@gc - Ultimate Thread Group - SpikeTest 1-148
2020-10-20 14:24:35,412 INFO o.a.j.t.JMeterThread: Stopping because end time detected by thread: jp@gc - Ultimate Thread Group - SpikeTest 1-85
2020-10-20 14:24:35,413 INFO o.a.j.t.JMeterThread: Thread finished: jp@gc - Ultimate Thread Group - SpikeTest 1-85
2020-10-20 14:24:35,416 INFO o.a.j.t.JMeterThread: Stopping because end time detected by thread: jp@gc - Ultimate Thread Group - SpikeTest 1-35
2020-10-20 14:24:35,416 INFO o.a.j.t.JMeterThread: Thread finished: jp@gc - Ultimate Thread Group - SpikeTest 1-35
2020-10-20 14:24:35,420 INFO o.a.j.t.JMeterThread: Stopping because end time detected by thread: jp@gc - Ultimate Thread Group - SpikeTest 1-32
2020-10-20 14:24:35,420 INFO o.a.j.t.JMeterThread: Thread finished: jp@gc - Ultimate Thread Group - SpikeTest 1-32
2020-10-20 14:24:35,429 INFO o.a.j.t.JMeterThread: Stopping because end time detected by thread: jp@gc - Ultimate Thread Group - SpikeTest 1-41
2020-10-20 14:24:35,429 INFO o.a.j.t.JMeterThread: Thread finished: jp@gc - Ultimate Thread Group - SpikeTest 1-41
2020-10-20 14:24:35,432 INFO o.a.j.t.JMeterThread: Stopping because end time detected by thread: jp@gc - Ultimate Thread Group - SpikeTest 1-109
2020-10-20 14:24:35,432 INFO o.a.j.t.JMeterThread: Thread finished: jp@gc - Ultimate Thread Group - SpikeTest 1-109
2020-10-20 14:24:35,444 INFO o.a.j.t.JMeterThread: Stopping because end time detected by thread: jp@gc - Ultimate Thread Group - SpikeTest 1-84
2020-10-20 14:24:35,444 INFO o.a.j.t.JMeterThread: Thread finished: jp@gc - Ultimate Thread Group - SpikeTest 1-84
2020-10-20 14:24:35,450 INFO o.a.j.t.JMeterThread: Stopping because end time detected by thread: jp@gc - Ultimate Thread Group - SpikeTest 1-193
2020-10-20 14:24:35,452 INFO o.a.j.t.JMeterThread: Thread finished: jp@gc - Ultimate Thread Group - SpikeTest 1-193
2020-10-20 14:24:35,429 INFO o.a.j.t.JMeterThread: Stopping because end time detected by thread: jp@gc - Ultimate Thread Group - SpikeTest 1-44
2020-10-20 14:24:35,450 INFO o.a.j.t.JMeterThread: Stopping because end time detected by thread: jp@gc - Ultimate Thread Group - SpikeTest 1-79
2020-10-20 14:24:35,452 INFO o.a.j.t.JMeterThread: Thread finished: jp@gc - Ultimate Thread Group - SpikeTest 1-79
2020-10-20 14:24:35,454 INFO o.a.j.t.JMeterThread: Thread finished: jp@gc - Ultimate Thread Group - SpikeTest 1-44
2020-10-20 14:24:35,461 INFO o.a.j.t.JMeterThread: Stopping because end time detected by thread: jp@gc - Ultimate Thread Group - SpikeTest 1-51
2020-10-20 14:24:35,461 INFO o.a.j.t.JMeterThread: Stopping because end time detected by thread: jp@gc - Ultimate Thread Group - SpikeTest 1-37
2020-10-20 14:24:35,463 INFO o.a.j.t.JMeterThread: Thread finished: jp@gc - Ultimate Thread Group - SpikeTest 1-37
2020-10-20 14:24:35,465 INFO o.a.j.t.JMeterThread: Stopping because end time detected by thread: jp@gc - Ultimate Thread Group - SpikeTest 1-74
2020-10-20 14:24:35,465 INFO o.a.j.t.JMeterThread: Thread finished: jp@gc - Ultimate Thread Group - SpikeTest 1-74
2020-10-20 14:24:35,462 INFO o.a.j.t.JMeterThread: Stopping because end time detected by thread: jp@gc - Ultimate Thread Group - SpikeTest 1-61
2020-10-20 14:24:35,467 INFO o.a.j.t.JMeterThread: Thread finished: jp@gc - Ultimate Thread Group - SpikeTest 1-61
2020-10-20 14:24:35,477 INFO o.a.j.t.JMeterThread: Stopping because end time detected by thread: jp@gc - Ultimate Thread Group - SpikeTest 1-92
2020-10-20 14:24:35,477 INFO o.a.j.t.JMeterThread: Thread finished: jp@gc - Ultimate Thread Group - SpikeTest 1-92
2020-10-20 14:24:35,477 INFO o.a.j.t.JMeterThread: Thread finished: jp@gc - Ultimate Thread Group - SpikeTest 1-51
2020-10-20 14:24:35,479 INFO o.a.j.t.JMeterThread: Stopping because end time detected by thread: jp@gc - Ultimate Thread Group - SpikeTest 1-25
2020-10-20 14:24:35,479 INFO o.a.j.t.JMeterThread: Thread finished: jp@gc - Ultimate Thread Group - SpikeTest 1-25
2020-10-20 14:24:35,481 INFO o.a.j.t.JMeterThread: Stopping because end time detected by thread: jp@gc - Ultimate Thread Group - SpikeTest 1-45
2020-10-20 14:24:35,482 INFO o.a.j.t.JMeterThread: Thread finished: jp@gc - Ultimate Thread Group - SpikeTest 1-45
2020-10-20 14:24:35,483 INFO o.a.j.t.JMeterThread: Stopping because end time detected by thread: jp@gc - Ultimate Thread Group - SpikeTest 1-30
2020-10-20 14:24:35,483 INFO o.a.j.t.JMeterThread: Thread finished: jp@gc - Ultimate Thread Group - SpikeTest 1-30
2020-10-20 14:24:35,486 INFO o.a.j.t.JMeterThread: Stopping because end time detected by thread: jp@gc - Ultimate Thread Group - SpikeTest 1-70
2020-10-20 14:24:35,486 INFO o.a.j.t.JMeterThread: Thread finished: jp@gc - Ultimate Thread Group - SpikeTest 1-70
2020-10-20 14:24:35,489 INFO o.a.j.t.JMeterThread: Stopping because end time detected by thread: jp@gc - Ultimate Thread Group - SpikeTest 1-58
2020-10-20 14:24:35,487 INFO o.a.j.t.JMeterThread: Stopping because end time detected by thread: jp@gc - Ultimate Thread Group - SpikeTest 1-29
2020-10-20 14:24:35,489 INFO o.a.j.t.JMeterThread: Thread finished: jp@gc - Ultimate Thread Group - SpikeTest 1-58
2020-10-20 14:24:35,490 INFO o.a.j.t.JMeterThread: Thread finished: jp@gc - Ultimate Thread Group - SpikeTest 1-29
2020-10-20 14:24:35,491 INFO o.a.j.t.JMeterThread: Stopping because end time detected by thread: jp@gc - Ultimate Thread Group - SpikeTest 1-36
2020-10-20 14:24:35,491 INFO o.a.j.t.JMeterThread: Thread finished: jp@gc - Ultimate Thread Group - SpikeTest 1-36
2020-10-20 14:24:35,497 INFO o.a.j.t.JMeterThread: Stopping because end time detected by thread: jp@gc - Ultimate Thread Group - SpikeTest 1-52
2020-10-20 14:24:35,497 INFO o.a.j.t.JMeterThread: Thread finished: jp@gc - Ultimate Thread Group - SpikeTest 1-52
2020-10-20 14:24:35,500 INFO o.a.j.t.JMeterThread: Stopping because end time detected by thread: jp@gc - Ultimate Thread Group - SpikeTest 1-48
2020-10-20 14:24:35,500 INFO o.a.j.t.JMeterThread: Thread finished: jp@gc - Ultimate Thread Group - SpikeTest 1-48
2020-10-20 14:24:35,511 INFO o.a.j.t.JMeterThread: Stopping because end time detected by thread: jp@gc - Ultimate Thread Group - SpikeTest 1-55
2020-10-20 14:24:35,514 INFO o.a.j.t.JMeterThread: Stopping because end time detected by thread: jp@gc - Ultimate Thread Group - SpikeTest 1-39
2020-10-20 14:24:35,514 INFO o.a.j.t.JMeterThread: Thread finished: jp@gc - Ultimate Thread Group - SpikeTest 1-39
2020-10-20 14:24:35,514 INFO o.a.j.t.JMeterThread: Thread finished: jp@gc - Ultimate Thread Group - SpikeTest 1-55
2020-10-20 14:24:35,517 INFO o.a.j.t.JMeterThread: Stopping because end time detected by thread: jp@gc - Ultimate Thread Group - SpikeTest 1-38
2020-10-20 14:24:35,517 INFO o.a.j.t.JMeterThread: Stopping because end time detected by thread: jp@gc - Ultimate Thread Group - SpikeTest 1-163
2020-10-20 14:24:35,517 INFO o.a.j.t.JMeterThread: Thread finished: jp@gc - Ultimate Thread Group - SpikeTest 1-163
2020-10-20 14:24:35,517 INFO o.a.j.t.JMeterThread: Thread finished: jp@gc - Ultimate Thread Group - SpikeTest 1-38
2020-10-20 14:24:35,518 INFO o.a.j.t.JMeterThread: Stopping because end time detected by thread: jp@gc - Ultimate Thread Group - SpikeTest 1-53
2020-10-20 14:24:35,518 INFO o.a.j.t.JMeterThread: Stopping because end time detected by thread: jp@gc - Ultimate Thread Group - SpikeTest 1-31
2020-10-20 14:24:35,519 INFO o.a.j.t.JMeterThread: Thread finished: jp@gc - Ultimate Thread Group - SpikeTest 1-53
2020-10-20 14:24:35,524 INFO o.a.j.t.JMeterThread: Stopping because end time detected by thread: jp@gc - Ultimate Thread Group - SpikeTest 1-28
2020-10-20 14:24:35,524 INFO o.a.j.t.JMeterThread: Thread finished: jp@gc - Ultimate Thread Group - SpikeTest 1-28
2020-10-20 14:24:35,525 INFO o.a.j.t.JMeterThread: Stopping because end time detected by thread: jp@gc - Ultimate Thread Group - SpikeTest 1-47
2020-10-20 14:24:35,525 INFO o.a.j.t.JMeterThread: Thread finished: jp@gc - Ultimate Thread Group - SpikeTest 1-47
2020-10-20 14:24:35,525 INFO o.a.j.t.JMeterThread: Thread finished: jp@gc - Ultimate Thread Group - SpikeTest 1-31
2020-10-20 14:24:35,527 INFO o.a.j.t.JMeterThread: Stopping because end time detected by thread: jp@gc - Ultimate Thread Group - SpikeTest 1-34
2020-10-20 14:24:35,527 INFO o.a.j.t.JMeterThread: Thread finished: jp@gc - Ultimate Thread Group - SpikeTest 1-34
2020-10-20 14:24:35,528 INFO o.a.j.t.JMeterThread: Stopping because end time detected by thread: jp@gc - Ultimate Thread Group - SpikeTest 1-91
2020-10-20 14:24:35,529 INFO o.a.j.t.JMeterThread: Thread finished: jp@gc - Ultimate Thread Group - SpikeTest 1-91
2020-10-20 14:24:35,530 INFO o.a.j.t.JMeterThread: Stopping because end time detected by thread: jp@gc - Ultimate Thread Group - SpikeTest 1-42
2020-10-20 14:24:35,530 INFO o.a.j.t.JMeterThread: Thread finished: jp@gc - Ultimate Thread Group - SpikeTest 1-42
2020-10-20 14:24:35,542 INFO o.a.j.t.JMeterThread: Stopping because end time detected by thread: jp@gc - Ultimate Thread Group - SpikeTest 1-49
2020-10-20 14:24:35,542 INFO o.a.j.t.JMeterThread: Thread finished: jp@gc - Ultimate Thread Group - SpikeTest 1-49
2020-10-20 14:24:35,548 INFO o.a.j.t.JMeterThread: Stopping because end time detected by thread: jp@gc - Ultimate Thread Group - SpikeTest 1-146
2020-10-20 14:24:35,549 INFO o.a.j.t.JMeterThread: Thread finished: jp@gc - Ultimate Thread Group - SpikeTest 1-146
2020-10-20 14:24:35,551 INFO o.a.j.t.JMeterThread: Stopping because end time detected by thread: jp@gc - Ultimate Thread Group - SpikeTest 1-101
2020-10-20 14:24:35,552 INFO o.a.j.t.JMeterThread: Thread finished: jp@gc - Ultimate Thread Group - SpikeTest 1-101
2020-10-20 14:24:35,555 INFO o.a.j.t.JMeterThread: Stopping because end time detected by thread: jp@gc - Ultimate Thread Group - SpikeTest 1-65
2020-10-20 14:24:35,556 INFO o.a.j.t.JMeterThread: Thread finished: jp@gc - Ultimate Thread Group - SpikeTest 1-65
2020-10-20 14:24:35,557 INFO o.a.j.t.JMeterThread: Stopping because end time detected by thread: jp@gc - Ultimate Thread Group - SpikeTest 1-95
2020-10-20 14:24:35,558 INFO o.a.j.t.JMeterThread: Thread finished: jp@gc - Ultimate Thread Group - SpikeTest 1-95
2020-10-20 14:24:35,563 INFO o.a.j.t.JMeterThread: Stopping because end time detected by thread: jp@gc - Ultimate Thread Group - SpikeTest 1-17
2020-10-20 14:24:35,564 INFO o.a.j.t.JMeterThread: Thread finished: jp@gc - Ultimate Thread Group - SpikeTest 1-17
2020-10-20 14:24:35,565 INFO o.a.j.t.JMeterThread: Stopping because end time detected by thread: jp@gc - Ultimate Thread Group - SpikeTest 1-94
2020-10-20 14:24:35,565 INFO o.a.j.t.JMeterThread: Thread finished: jp@gc - Ultimate Thread Group - SpikeTest 1-94
2020-10-20 14:24:35,566 INFO o.a.j.t.JMeterThread: Stopping because end time detected by thread: jp@gc - Ultimate Thread Group - SpikeTest 1-98
2020-10-20 14:24:35,566 INFO o.a.j.t.JMeterThread: Thread finished: jp@gc - Ultimate Thread Group - SpikeTest 1-98
2020-10-20 14:24:35,567 INFO o.a.j.t.JMeterThread: Stopping because end time detected by thread: jp@gc - Ultimate Thread Group - SpikeTest 1-93
2020-10-20 14:24:35,567 INFO o.a.j.t.JMeterThread: Thread finished: jp@gc - Ultimate Thread Group - SpikeTest 1-93
2020-10-20 14:24:35,568 INFO o.a.j.t.JMeterThread: Stopping because end time detected by thread: jp@gc - Ultimate Thread Group - SpikeTest 1-142
2020-10-20 14:24:35,568 INFO o.a.j.t.JMeterThread: Thread finished: jp@gc - Ultimate Thread Group - SpikeTest 1-142
2020-10-20 14:24:35,572 INFO o.a.j.t.JMeterThread: Stopping because end time detected by thread: jp@gc - Ultimate Thread Group - SpikeTest 1-194
2020-10-20 14:24:35,573 INFO o.a.j.t.JMeterThread: Thread finished: jp@gc - Ultimate Thread Group - SpikeTest 1-194
2020-10-20 14:24:35,583 INFO o.a.j.t.JMeterThread: Stopping because end time detected by thread: jp@gc - Ultimate Thread Group - SpikeTest 1-96
2020-10-20 14:24:35,583 INFO o.a.j.t.JMeterThread: Thread finished: jp@gc - Ultimate Thread Group - SpikeTest 1-96
2020-10-20 14:24:35,586 INFO o.a.j.t.JMeterThread: Stopping because end time detected by thread: jp@gc - Ultimate Thread Group - SpikeTest 1-99
2020-10-20 14:24:35,590 INFO o.a.j.t.JMeterThread: Stopping because end time detected by thread: jp@gc - Ultimate Thread Group - SpikeTest 1-43
2020-10-20 14:24:35,591 INFO o.a.j.t.JMeterThread: Thread finished: jp@gc - Ultimate Thread Group - SpikeTest 1-43
2020-10-20 14:24:35,593 INFO o.a.j.t.JMeterThread: Stopping because end time detected by thread: jp@gc - Ultimate Thread Group - SpikeTest 1-97
2020-10-20 14:24:35,593 INFO o.a.j.t.JMeterThread: Thread finished: jp@gc - Ultimate Thread Group - SpikeTest 1-99
2020-10-20 14:24:35,593 INFO o.a.j.t.JMeterThread: Thread finished: jp@gc - Ultimate Thread Group - SpikeTest 1-97
2020-10-20 14:24:35,594 INFO o.a.j.t.JMeterThread: Stopping because end time detected by thread: jp@gc - Ultimate Thread Group - SpikeTest 1-102
2020-10-20 14:24:35,594 INFO o.a.j.t.JMeterThread: Thread finished: jp@gc - Ultimate Thread Group - SpikeTest 1-102
2020-10-20 14:24:35,595 INFO o.a.j.t.JMeterThread: Stopping because end time detected by thread: jp@gc - Ultimate Thread Group - SpikeTest 1-151
2020-10-20 14:24:35,596 INFO o.a.j.t.JMeterThread: Thread finished: jp@gc - Ultimate Thread Group - SpikeTest 1-151
2020-10-20 14:24:35,599 INFO o.a.j.t.JMeterThread: Stopping because end time detected by thread: jp@gc - Ultimate Thread Group - SpikeTest 1-103
2020-10-20 14:24:35,599 INFO o.a.j.t.JMeterThread: Thread finished: jp@gc - Ultimate Thread Group - SpikeTest 1-103
2020-10-20 14:24:35,600 INFO o.a.j.t.JMeterThread: Stopping because end time detected by thread: jp@gc - Ultimate Thread Group - SpikeTest 1-100
2020-10-20 14:24:35,600 INFO o.a.j.t.JMeterThread: Thread finished: jp@gc - Ultimate Thread Group - SpikeTest 1-100
2020-10-20 14:24:35,601 INFO o.a.j.t.JMeterThread: Stopping because end time detected by thread: jp@gc - Ultimate Thread Group - SpikeTest 1-154
2020-10-20 14:24:35,601 INFO o.a.j.t.JMeterThread: Thread finished: jp@gc - Ultimate Thread Group - SpikeTest 1-154
2020-10-20 14:24:35,603 INFO o.a.j.t.JMeterThread: Stopping because end time detected by thread: jp@gc - Ultimate Thread Group - SpikeTest 1-19
2020-10-20 14:24:35,604 INFO o.a.j.t.JMeterThread: Thread finished: jp@gc - Ultimate Thread Group - SpikeTest 1-19
2020-10-20 14:24:35,610 INFO o.a.j.t.JMeterThread: Stopping because end time detected by thread: jp@gc - Ultimate Thread Group - SpikeTest 1-89
2020-10-20 14:24:35,610 INFO o.a.j.t.JMeterThread: Thread finished: jp@gc - Ultimate Thread Group - SpikeTest 1-89
2020-10-20 14:24:35,614 INFO o.a.j.t.JMeterThread: Stopping because end time detected by thread: jp@gc - Ultimate Thread Group - SpikeTest 1-117
2020-10-20 14:24:35,615 INFO o.a.j.t.JMeterThread: Thread finished: jp@gc - Ultimate Thread Group - SpikeTest 1-117
2020-10-20 14:24:35,616 INFO o.a.j.t.JMeterThread: Stopping because end time detected by thread: jp@gc - Ultimate Thread Group - SpikeTest 1-24
2020-10-20 14:24:35,616 INFO o.a.j.t.JMeterThread: Thread finished: jp@gc - Ultimate Thread Group - SpikeTest 1-24
2020-10-20 14:24:35,620 INFO o.a.j.t.JMeterThread: Stopping because end time detected by thread: jp@gc - Ultimate Thread Group - SpikeTest 1-149
2020-10-20 14:24:35,620 INFO o.a.j.t.JMeterThread: Thread finished: jp@gc - Ultimate Thread Group - SpikeTest 1-149
2020-10-20 14:24:35,621 INFO o.a.j.t.JMeterThread: Stopping because end time detected by thread: jp@gc - Ultimate Thread Group - SpikeTest 1-125
2020-10-20 14:24:35,621 INFO o.a.j.t.JMeterThread: Stopping because end time detected by thread: jp@gc - Ultimate Thread Group - SpikeTest 1-132
2020-10-20 14:24:35,622 INFO o.a.j.t.JMeterThread: Thread finished: jp@gc - Ultimate Thread Group - SpikeTest 1-132
2020-10-20 14:24:35,621 INFO o.a.j.t.JMeterThread: Thread finished: jp@gc - Ultimate Thread Group - SpikeTest 1-125
2020-10-20 14:24:35,622 INFO o.a.j.t.JMeterThread: Stopping because end time detected by thread: jp@gc - Ultimate Thread Group - SpikeTest 1-108
2020-10-20 14:24:35,623 INFO o.a.j.t.JMeterThread: Thread finished: jp@gc - Ultimate Thread Group - SpikeTest 1-108
2020-10-20 14:24:35,624 INFO o.a.j.t.JMeterThread: Stopping because end time detected by thread: jp@gc - Ultimate Thread Group - SpikeTest 1-155
2020-10-20 14:24:35,624 INFO o.a.j.t.JMeterThread: Thread finished: jp@gc - Ultimate Thread Group - SpikeTest 1-155
2020-10-20 14:24:35,624 INFO o.a.j.t.JMeterThread: Stopping because end time detected by thread: jp@gc - Ultimate Thread Group - SpikeTest 1-157
2020-10-20 14:24:35,625 INFO o.a.j.t.JMeterThread: Thread finished: jp@gc - Ultimate Thread Group - SpikeTest 1-157
2020-10-20 14:24:35,627 INFO o.a.j.t.JMeterThread: Stopping because end time detected by thread: jp@gc - Ultimate Thread Group - SpikeTest 1-180
2020-10-20 14:24:35,628 INFO o.a.j.t.JMeterThread: Thread finished: jp@gc - Ultimate Thread Group - SpikeTest 1-180
2020-10-20 14:24:35,624 INFO o.a.j.t.JMeterThread: Stopping because end time detected by thread: jp@gc - Ultimate Thread Group - SpikeTest 1-158
2020-10-20 14:24:35,628 INFO o.a.j.t.JMeterThread: Thread finished: jp@gc - Ultimate Thread Group - SpikeTest 1-158
2020-10-20 14:24:35,632 INFO o.a.j.t.JMeterThread: Stopping because end time detected by thread: jp@gc - Ultimate Thread Group - SpikeTest 1-116
2020-10-20 14:24:35,632 INFO o.a.j.t.JMeterThread: Thread finished: jp@gc - Ultimate Thread Group - SpikeTest 1-116
2020-10-20 14:24:35,636 INFO o.a.j.t.JMeterThread: Stopping because end time detected by thread: jp@gc - Ultimate Thread Group - SpikeTest 1-188
2020-10-20 14:24:35,636 INFO o.a.j.t.JMeterThread: Thread finished: jp@gc - Ultimate Thread Group - SpikeTest 1-188
2020-10-20 14:24:35,644 INFO o.a.j.t.JMeterThread: Stopping because end time detected by thread: jp@gc - Ultimate Thread Group - SpikeTest 1-12
2020-10-20 14:24:35,645 INFO o.a.j.t.JMeterThread: Thread finished: jp@gc - Ultimate Thread Group - SpikeTest 1-12
2020-10-20 14:24:35,647 INFO o.a.j.t.JMeterThread: Stopping because end time detected by thread: jp@gc - Ultimate Thread Group - SpikeTest 1-141
2020-10-20 14:24:35,648 INFO o.a.j.t.JMeterThread: Thread finished: jp@gc - Ultimate Thread Group - SpikeTest 1-141
2020-10-20 14:24:35,652 INFO o.a.j.t.JMeterThread: Stopping because end time detected by thread: jp@gc - Ultimate Thread Group - SpikeTest 1-153
2020-10-20 14:24:35,653 INFO o.a.j.t.JMeterThread: Thread finished: jp@gc - Ultimate Thread Group - SpikeTest 1-153
2020-10-20 14:24:35,656 INFO o.a.j.t.JMeterThread: Stopping because end time detected by thread: jp@gc - Ultimate Thread Group - SpikeTest 1-198
2020-10-20 14:24:35,656 INFO o.a.j.t.JMeterThread: Thread finished: jp@gc - Ultimate Thread Group - SpikeTest 1-198
2020-10-20 14:24:35,657 INFO o.a.j.t.JMeterThread: Stopping because end time detected by thread: jp@gc - Ultimate Thread Group - SpikeTest 1-110
2020-10-20 14:24:35,657 INFO o.a.j.t.JMeterThread: Thread finished: jp@gc - Ultimate Thread Group - SpikeTest 1-110
2020-10-20 14:24:35,659 INFO o.a.j.t.JMeterThread: Stopping because end time detected by thread: jp@gc - Ultimate Thread Group - SpikeTest 1-120
2020-10-20 14:24:35,660 INFO o.a.j.t.JMeterThread: Thread finished: jp@gc - Ultimate Thread Group - SpikeTest 1-120
2020-10-20 14:24:35,660 INFO o.a.j.t.JMeterThread: Stopping because end time detected by thread: jp@gc - Ultimate Thread Group - SpikeTest 1-111
2020-10-20 14:24:35,661 INFO o.a.j.t.JMeterThread: Thread finished: jp@gc - Ultimate Thread Group - SpikeTest 1-111
2020-10-20 14:24:35,662 INFO o.a.j.t.JMeterThread: Stopping because end time detected by thread: jp@gc - Ultimate Thread Group - SpikeTest 1-160
2020-10-20 14:24:35,663 INFO o.a.j.t.JMeterThread: Thread finished: jp@gc - Ultimate Thread Group - SpikeTest 1-160
2020-10-20 14:24:35,659 INFO o.a.j.t.JMeterThread: Stopping because end time detected by thread: jp@gc - Ultimate Thread Group - SpikeTest 1-115
2020-10-20 14:24:35,664 INFO o.a.j.t.JMeterThread: Thread finished: jp@gc - Ultimate Thread Group - SpikeTest 1-115
2020-10-20 14:24:35,664 INFO o.a.j.t.JMeterThread: Stopping because end time detected by thread: jp@gc - Ultimate Thread Group - SpikeTest 1-112
2020-10-20 14:24:35,664 INFO o.a.j.t.JMeterThread: Thread finished: jp@gc - Ultimate Thread Group - SpikeTest 1-112
2020-10-20 14:24:35,666 INFO o.a.j.t.JMeterThread: Stopping because end time detected by thread: jp@gc - Ultimate Thread Group - SpikeTest 1-166
2020-10-20 14:24:35,666 INFO o.a.j.t.JMeterThread: Thread finished: jp@gc - Ultimate Thread Group - SpikeTest 1-166
2020-10-20 14:24:35,668 INFO o.a.j.t.JMeterThread: Stopping because end time detected by thread: jp@gc - Ultimate Thread Group - SpikeTest 1-190
2020-10-20 14:24:35,669 INFO o.a.j.t.JMeterThread: Thread finished: jp@gc - Ultimate Thread Group - SpikeTest 1-190
2020-10-20 14:24:35,671 INFO o.a.j.t.JMeterThread: Stopping because end time detected by thread: jp@gc - Ultimate Thread Group - SpikeTest 1-165
2020-10-20 14:24:35,671 INFO o.a.j.t.JMeterThread: Thread finished: jp@gc - Ultimate Thread Group - SpikeTest 1-165
2020-10-20 14:24:35,673 INFO o.a.j.t.JMeterThread: Stopping because end time detected by thread: jp@gc - Ultimate Thread Group - SpikeTest 1-33
2020-10-20 14:24:35,674 INFO o.a.j.t.JMeterThread: Thread finished: jp@gc - Ultimate Thread Group - SpikeTest 1-33
2020-10-20 14:24:35,677 INFO o.a.j.t.JMeterThread: Stopping because end time detected by thread: jp@gc - Ultimate Thread Group - SpikeTest 1-124
2020-10-20 14:24:35,677 INFO o.a.j.t.JMeterThread: Thread finished: jp@gc - Ultimate Thread Group - SpikeTest 1-124
2020-10-20 14:24:35,678 INFO o.a.j.t.JMeterThread: Stopping because end time detected by thread: jp@gc - Ultimate Thread Group - SpikeTest 1-128
2020-10-20 14:24:35,678 INFO o.a.j.t.JMeterThread: Thread finished: jp@gc - Ultimate Thread Group - SpikeTest 1-128
2020-10-20 14:24:35,683 INFO o.a.j.t.JMeterThread: Stopping because end time detected by thread: jp@gc - Ultimate Thread Group - SpikeTest 1-107
2020-10-20 14:24:35,683 INFO o.a.j.t.JMeterThread: Thread finished: jp@gc - Ultimate Thread Group - SpikeTest 1-107
2020-10-20 14:24:35,687 INFO o.a.j.t.JMeterThread: Stopping because end time detected by thread: jp@gc - Ultimate Thread Group - SpikeTest 1-54
2020-10-20 14:24:35,688 INFO o.a.j.t.JMeterThread: Thread finished: jp@gc - Ultimate Thread Group - SpikeTest 1-54
2020-10-20 14:24:35,690 INFO o.a.j.t.JMeterThread: Stopping because end time detected by thread: jp@gc - Ultimate Thread Group - SpikeTest 1-9
2020-10-20 14:24:35,691 INFO o.a.j.t.JMeterThread: Thread finished: jp@gc - Ultimate Thread Group - SpikeTest 1-9
2020-10-20 14:24:35,694 INFO o.a.j.t.JMeterThread: Stopping because end time detected by thread: jp@gc - Ultimate Thread Group - SpikeTest 1-136
2020-10-20 14:24:35,694 INFO o.a.j.t.JMeterThread: Thread finished: jp@gc - Ultimate Thread Group - SpikeTest 1-136
2020-10-20 14:24:35,697 INFO o.a.j.t.JMeterThread: Stopping because end time detected by thread: jp@gc - Ultimate Thread Group - SpikeTest 1-73
2020-10-20 14:24:35,697 INFO o.a.j.t.JMeterThread: Thread finished: jp@gc - Ultimate Thread Group - SpikeTest 1-73
2020-10-20 14:24:35,699 INFO o.a.j.t.JMeterThread: Stopping because end time detected by thread: jp@gc - Ultimate Thread Group - SpikeTest 1-195
2020-10-20 14:24:35,699 INFO o.a.j.t.JMeterThread: Thread finished: jp@gc - Ultimate Thread Group - SpikeTest 1-195
2020-10-20 14:24:35,701 INFO o.a.j.t.JMeterThread: Stopping because end time detected by thread: jp@gc - Ultimate Thread Group - SpikeTest 1-145
2020-10-20 14:24:35,702 INFO o.a.j.t.JMeterThread: Thread finished: jp@gc - Ultimate Thread Group - SpikeTest 1-145
2020-10-20 14:24:35,705 INFO o.a.j.t.JMeterThread: Stopping because end time detected by thread: jp@gc - Ultimate Thread Group - SpikeTest 1-8
2020-10-20 14:24:35,705 INFO o.a.j.t.JMeterThread: Thread finished: jp@gc - Ultimate Thread Group - SpikeTest 1-8
2020-10-20 14:24:35,707 INFO o.a.j.t.JMeterThread: Stopping because end time detected by thread: jp@gc - Ultimate Thread Group - SpikeTest 1-144
2020-10-20 14:24:35,707 INFO o.a.j.t.JMeterThread: Stopping because end time detected by thread: jp@gc - Ultimate Thread Group - SpikeTest 1-185
2020-10-20 14:24:35,707 INFO o.a.j.t.JMeterThread: Thread finished: jp@gc - Ultimate Thread Group - SpikeTest 1-144
2020-10-20 14:24:35,707 INFO o.a.j.t.JMeterThread: Thread finished: jp@gc - Ultimate Thread Group - SpikeTest 1-185
2020-10-20 14:24:35,708 INFO o.a.j.t.JMeterThread: Stopping because end time detected by thread: jp@gc - Ultimate Thread Group - SpikeTest 1-189
2020-10-20 14:24:35,708 INFO o.a.j.t.JMeterThread: Thread finished: jp@gc - Ultimate Thread Group - SpikeTest 1-189
2020-10-20 14:24:35,711 INFO o.a.j.t.JMeterThread: Stopping because end time detected by thread: jp@gc - Ultimate Thread Group - SpikeTest 1-164
2020-10-20 14:24:35,711 INFO o.a.j.t.JMeterThread: Thread finished: jp@gc - Ultimate Thread Group - SpikeTest 1-164
2020-10-20 14:24:35,711 INFO o.a.j.t.JMeterThread: Stopping because end time detected by thread: jp@gc - Ultimate Thread Group - SpikeTest 1-119
2020-10-20 14:24:35,711 INFO o.a.j.t.JMeterThread: Thread finished: jp@gc - Ultimate Thread Group - SpikeTest 1-119
2020-10-20 14:24:35,711 INFO o.a.j.t.JMeterThread: Stopping because end time detected by thread: jp@gc - Ultimate Thread Group - SpikeTest 1-122
2020-10-20 14:24:35,712 INFO o.a.j.t.JMeterThread: Stopping because end time detected by thread: jp@gc - Ultimate Thread Group - SpikeTest 1-159
2020-10-20 14:24:35,713 INFO o.a.j.t.JMeterThread: Thread finished: jp@gc - Ultimate Thread Group - SpikeTest 1-159
2020-10-20 14:24:35,713 INFO o.a.j.t.JMeterThread: Stopping because end time detected by thread: jp@gc - Ultimate Thread Group - SpikeTest 1-143
2020-10-20 14:24:35,713 INFO o.a.j.t.JMeterThread: Thread finished: jp@gc - Ultimate Thread Group - SpikeTest 1-143
2020-10-20 14:24:35,714 INFO o.a.j.t.JMeterThread: Thread finished: jp@gc - Ultimate Thread Group - SpikeTest 1-122
2020-10-20 14:24:35,715 INFO o.a.j.t.JMeterThread: Stopping because end time detected by thread: jp@gc - Ultimate Thread Group - SpikeTest 1-127
2020-10-20 14:24:35,715 INFO o.a.j.t.JMeterThread: Thread finished: jp@gc - Ultimate Thread Group - SpikeTest 1-127
2020-10-20 14:24:35,716 INFO o.a.j.t.JMeterThread: Stopping because end time detected by thread: jp@gc - Ultimate Thread Group - SpikeTest 1-187
2020-10-20 14:24:35,716 INFO o.a.j.t.JMeterThread: Thread finished: jp@gc - Ultimate Thread Group - SpikeTest 1-187
2020-10-20 14:24:35,716 INFO o.a.j.t.JMeterThread: Stopping because end time detected by thread: jp@gc - Ultimate Thread Group - SpikeTest 1-150
2020-10-20 14:24:35,716 INFO o.a.j.t.JMeterThread: Thread finished: jp@gc - Ultimate Thread Group - SpikeTest 1-150
2020-10-20 14:24:35,717 INFO o.a.j.t.JMeterThread: Stopping because end time detected by thread: jp@gc - Ultimate Thread Group - SpikeTest 1-138
2020-10-20 14:24:35,717 INFO o.a.j.t.JMeterThread: Thread finished: jp@gc - Ultimate Thread Group - SpikeTest 1-138
2020-10-20 14:24:35,718 INFO o.a.j.t.JMeterThread: Stopping because end time detected by thread: jp@gc - Ultimate Thread Group - SpikeTest 1-26
2020-10-20 14:24:35,719 INFO o.a.j.t.JMeterThread: Stopping because end time detected by thread: jp@gc - Ultimate Thread Group - SpikeTest 1-137
2020-10-20 14:24:35,719 INFO o.a.j.t.JMeterThread: Thread finished: jp@gc - Ultimate Thread Group - SpikeTest 1-26
2020-10-20 14:24:35,719 INFO o.a.j.t.JMeterThread: Thread finished: jp@gc - Ultimate Thread Group - SpikeTest 1-137
2020-10-20 14:24:35,721 INFO o.a.j.t.JMeterThread: Stopping because end time detected by thread: jp@gc - Ultimate Thread Group - SpikeTest 1-126
2020-10-20 14:24:35,721 INFO o.a.j.t.JMeterThread: Thread finished: jp@gc - Ultimate Thread Group - SpikeTest 1-126
2020-10-20 14:24:35,722 INFO o.a.j.t.JMeterThread: Stopping because end time detected by thread: jp@gc - Ultimate Thread Group - SpikeTest 1-131
2020-10-20 14:24:35,722 INFO o.a.j.t.JMeterThread: Thread finished: jp@gc - Ultimate Thread Group - SpikeTest 1-131
2020-10-20 14:24:35,723 INFO o.a.j.t.JMeterThread: Stopping because end time detected by thread: jp@gc - Ultimate Thread Group - SpikeTest 1-106
2020-10-20 14:24:35,723 INFO o.a.j.t.JMeterThread: Thread finished: jp@gc - Ultimate Thread Group - SpikeTest 1-106
2020-10-20 14:24:35,723 INFO o.a.j.t.JMeterThread: Stopping because end time detected by thread: jp@gc - Ultimate Thread Group - SpikeTest 1-104
2020-10-20 14:24:35,724 INFO o.a.j.t.JMeterThread: Thread finished: jp@gc - Ultimate Thread Group - SpikeTest 1-104
2020-10-20 14:24:35,726 INFO o.a.j.t.JMeterThread: Stopping because end time detected by thread: jp@gc - Ultimate Thread Group - SpikeTest 1-171
2020-10-20 14:24:35,727 INFO o.a.j.t.JMeterThread: Stopping because end time detected by thread: jp@gc - Ultimate Thread Group - SpikeTest 1-10
2020-10-20 14:24:35,727 INFO o.a.j.t.JMeterThread: Thread finished: jp@gc - Ultimate Thread Group - SpikeTest 1-171
2020-10-20 14:24:35,727 INFO o.a.j.t.JMeterThread: Thread finished: jp@gc - Ultimate Thread Group - SpikeTest 1-10
2020-10-20 14:24:35,722 INFO o.a.j.t.JMeterThread: Stopping because end time detected by thread: jp@gc - Ultimate Thread Group - SpikeTest 1-197
2020-10-20 14:24:35,729 INFO o.a.j.t.JMeterThread: Thread finished: jp@gc - Ultimate Thread Group - SpikeTest 1-197
2020-10-20 14:24:35,731 INFO o.a.j.t.JMeterThread: Stopping because end time detected by thread: jp@gc - Ultimate Thread Group - SpikeTest 1-182
2020-10-20 14:24:35,731 INFO o.a.j.t.JMeterThread: Thread finished: jp@gc - Ultimate Thread Group - SpikeTest 1-182
2020-10-20 14:24:35,732 INFO o.a.j.t.JMeterThread: Stopping because end time detected by thread: jp@gc - Ultimate Thread Group - SpikeTest 1-16
2020-10-20 14:24:35,733 INFO o.a.j.t.JMeterThread: Thread finished: jp@gc - Ultimate Thread Group - SpikeTest 1-16
2020-10-20 14:24:35,733 INFO o.a.j.t.JMeterThread: Stopping because end time detected by thread: jp@gc - Ultimate Thread Group - SpikeTest 1-177
2020-10-20 14:24:35,733 INFO o.a.j.t.JMeterThread: Thread finished: jp@gc - Ultimate Thread Group - SpikeTest 1-177
2020-10-20 14:24:35,735 INFO o.a.j.t.JMeterThread: Stopping because end time detected by thread: jp@gc - Ultimate Thread Group - SpikeTest 1-118
2020-10-20 14:24:35,735 INFO o.a.j.t.JMeterThread: Thread finished: jp@gc - Ultimate Thread Group - SpikeTest 1-118
2020-10-20 14:24:35,737 INFO o.a.j.t.JMeterThread: Stopping because end time detected by thread: jp@gc - Ultimate Thread Group - SpikeTest 1-105
2020-10-20 14:24:35,738 INFO o.a.j.t.JMeterThread: Thread finished: jp@gc - Ultimate Thread Group - SpikeTest 1-105
2020-10-20 14:24:35,738 INFO o.a.j.t.JMeterThread: Stopping because end time detected by thread: jp@gc - Ultimate Thread Group - SpikeTest 1-129
2020-10-20 14:24:35,738 INFO o.a.j.t.JMeterThread: Thread finished: jp@gc - Ultimate Thread Group - SpikeTest 1-129
2020-10-20 14:24:35,740 INFO o.a.j.t.JMeterThread: Stopping because end time detected by thread: jp@gc - Ultimate Thread Group - SpikeTest 1-200
2020-10-20 14:24:35,740 INFO o.a.j.t.JMeterThread: Stopping because end time detected by thread: jp@gc - Ultimate Thread Group - SpikeTest 1-184
2020-10-20 14:24:35,740 INFO o.a.j.t.JMeterThread: Thread finished: jp@gc - Ultimate Thread Group - SpikeTest 1-200
2020-10-20 14:24:35,743 INFO o.a.j.t.JMeterThread: Stopping because end time detected by thread: jp@gc - Ultimate Thread Group - SpikeTest 1-178
2020-10-20 14:24:35,743 INFO o.a.j.t.JMeterThread: Thread finished: jp@gc - Ultimate Thread Group - SpikeTest 1-178
2020-10-20 14:24:35,745 INFO o.a.j.t.JMeterThread: Thread finished: jp@gc - Ultimate Thread Group - SpikeTest 1-184
2020-10-20 14:24:35,746 INFO o.a.j.t.JMeterThread: Stopping because end time detected by thread: jp@gc - Ultimate Thread Group - SpikeTest 1-140
2020-10-20 14:24:35,746 INFO o.a.j.t.JMeterThread: Thread finished: jp@gc - Ultimate Thread Group - SpikeTest 1-140
2020-10-20 14:24:35,745 INFO o.a.j.t.JMeterThread: Stopping because end time detected by thread: jp@gc - Ultimate Thread Group - SpikeTest 1-114
2020-10-20 14:24:35,747 INFO o.a.j.t.JMeterThread: Thread finished: jp@gc - Ultimate Thread Group - SpikeTest 1-114
2020-10-20 14:24:35,749 INFO o.a.j.t.JMeterThread: Stopping because end time detected by thread: jp@gc - Ultimate Thread Group - SpikeTest 1-167
2020-10-20 14:24:35,749 INFO o.a.j.t.JMeterThread: Thread finished: jp@gc - Ultimate Thread Group - SpikeTest 1-167
2020-10-20 14:24:35,750 INFO o.a.j.t.JMeterThread: Stopping because end time detected by thread: jp@gc - Ultimate Thread Group - SpikeTest 1-192
2020-10-20 14:24:35,750 INFO o.a.j.t.JMeterThread: Thread finished: jp@gc - Ultimate Thread Group - SpikeTest 1-192
2020-10-20 14:24:35,751 INFO o.a.j.t.JMeterThread: Stopping because end time detected by thread: jp@gc - Ultimate Thread Group - SpikeTest 1-176
2020-10-20 14:24:35,752 INFO o.a.j.t.JMeterThread: Thread finished: jp@gc - Ultimate Thread Group - SpikeTest 1-176
2020-10-20 14:24:35,752 INFO o.a.j.t.JMeterThread: Stopping because end time detected by thread: jp@gc - Ultimate Thread Group - SpikeTest 1-135
2020-10-20 14:24:35,753 INFO o.a.j.t.JMeterThread: Thread finished: jp@gc - Ultimate Thread Group - SpikeTest 1-135
2020-10-20 14:24:35,755 INFO o.a.j.t.JMeterThread: Stopping because end time detected by thread: jp@gc - Ultimate Thread Group - SpikeTest 1-113
2020-10-20 14:24:35,755 INFO o.a.j.t.JMeterThread: Thread finished: jp@gc - Ultimate Thread Group - SpikeTest 1-113
2020-10-20 14:24:35,758 INFO o.a.j.t.JMeterThread: Stopping because end time detected by thread: jp@gc - Ultimate Thread Group - SpikeTest 1-133
2020-10-20 14:24:35,758 INFO o.a.j.t.JMeterThread: Thread finished: jp@gc - Ultimate Thread Group - SpikeTest 1-133
2020-10-20 14:24:35,762 INFO o.a.j.t.JMeterThread: Stopping because end time detected by thread: jp@gc - Ultimate Thread Group - SpikeTest 1-186
2020-10-20 14:24:35,762 INFO o.a.j.t.JMeterThread: Thread finished: jp@gc - Ultimate Thread Group - SpikeTest 1-186
2020-10-20 14:24:35,763 INFO o.a.j.t.JMeterThread: Stopping because end time detected by thread: jp@gc - Ultimate Thread Group - SpikeTest 1-21
2020-10-20 14:24:35,764 INFO o.a.j.t.JMeterThread: Thread finished: jp@gc - Ultimate Thread Group - SpikeTest 1-21
2020-10-20 14:24:35,768 INFO o.a.j.t.JMeterThread: Stopping because end time detected by thread: jp@gc - Ultimate Thread Group - SpikeTest 1-2
2020-10-20 14:24:35,769 INFO o.a.j.t.JMeterThread: Thread finished: jp@gc - Ultimate Thread Group - SpikeTest 1-2
2020-10-20 14:24:35,781 INFO o.a.j.t.JMeterThread: Stopping because end time detected by thread: jp@gc - Ultimate Thread Group - SpikeTest 1-183
2020-10-20 14:24:35,782 INFO o.a.j.t.JMeterThread: Thread finished: jp@gc - Ultimate Thread Group - SpikeTest 1-183
2020-10-20 14:24:35,788 INFO o.a.j.t.JMeterThread: Stopping because end time detected by thread: jp@gc - Ultimate Thread Group - SpikeTest 1-64
2020-10-20 14:24:35,789 INFO o.a.j.t.JMeterThread: Thread finished: jp@gc - Ultimate Thread Group - SpikeTest 1-64
2020-10-20 14:24:35,820 INFO o.a.j.t.JMeterThread: Stopping because end time detected by thread: jp@gc - Ultimate Thread Group - SpikeTest 1-14
2020-10-20 14:24:35,820 INFO o.a.j.t.JMeterThread: Thread finished: jp@gc - Ultimate Thread Group - SpikeTest 1-14
2020-10-20 14:24:35,826 INFO o.a.j.t.JMeterThread: Stopping because end time detected by thread: jp@gc - Ultimate Thread Group - SpikeTest 1-13
2020-10-20 14:24:35,827 INFO o.a.j.t.JMeterThread: Thread finished: jp@gc - Ultimate Thread Group - SpikeTest 1-13
2020-10-20 14:24:35,830 INFO o.a.j.t.JMeterThread: Stopping because end time detected by thread: jp@gc - Ultimate Thread Group - SpikeTest 1-15
2020-10-20 14:24:35,830 INFO o.a.j.t.JMeterThread: Thread finished: jp@gc - Ultimate Thread Group - SpikeTest 1-15
2020-10-20 14:24:35,834 INFO o.a.j.t.JMeterThread: Stopping because end time detected by thread: jp@gc - Ultimate Thread Group - SpikeTest 1-3
2020-10-20 14:24:35,834 INFO o.a.j.t.JMeterThread: Thread finished: jp@gc - Ultimate Thread Group - SpikeTest 1-3
2020-10-20 14:24:35,846 INFO o.a.j.t.JMeterThread: Stopping because end time detected by thread: jp@gc - Ultimate Thread Group - SpikeTest 1-40
2020-10-20 14:24:35,846 INFO o.a.j.t.JMeterThread: Thread finished: jp@gc - Ultimate Thread Group - SpikeTest 1-40
2020-10-20 14:24:35,932 INFO o.a.j.t.JMeterThread: Stopping because end time detected by thread: jp@gc - Ultimate Thread Group - SpikeTest 1-22
2020-10-20 14:24:35,932 INFO o.a.j.t.JMeterThread: Thread finished: jp@gc - Ultimate Thread Group - SpikeTest 1-22
2020-10-20 14:24:35,954 INFO o.a.j.t.JMeterThread: Stopping because end time detected by thread: jp@gc - Ultimate Thread Group - SpikeTest 1-4
2020-10-20 14:24:35,955 INFO o.a.j.t.JMeterThread: Thread finished: jp@gc - Ultimate Thread Group - SpikeTest 1-4
2020-10-20 14:24:36,039 INFO o.a.j.t.JMeterThread: Stopping because end time detected by thread: jp@gc - Ultimate Thread Group - SpikeTest 1-66
2020-10-20 14:24:36,040 INFO o.a.j.t.JMeterThread: Thread finished: jp@gc - Ultimate Thread Group - SpikeTest 1-66
2020-10-20 14:24:36,047 INFO o.a.j.t.JMeterThread: Stopping because end time detected by thread: jp@gc - Ultimate Thread Group - SpikeTest 1-81
2020-10-20 14:24:36,048 INFO o.a.j.t.JMeterThread: Thread finished: jp@gc - Ultimate Thread Group - SpikeTest 1-81
2020-10-20 14:24:36,142 INFO o.a.j.t.JMeterThread: Stopping because end time detected by thread: jp@gc - Ultimate Thread Group - SpikeTest 1-90
2020-10-20 14:24:36,142 INFO o.a.j.t.JMeterThread: Thread finished: jp@gc - Ultimate Thread Group - SpikeTest 1-90
2020-10-20 14:24:36,154 INFO o.a.j.t.JMeterThread: Stopping because end time detected by thread: jp@gc - Ultimate Thread Group - SpikeTest 1-169
2020-10-20 14:24:36,155 INFO o.a.j.t.JMeterThread: Thread finished: jp@gc - Ultimate Thread Group - SpikeTest 1-169
2020-10-20 14:24:36,208 INFO o.a.j.t.JMeterThread: Stopping because end time detected by thread: jp@gc - Ultimate Thread Group - SpikeTest 1-123
2020-10-20 14:24:36,208 INFO o.a.j.t.JMeterThread: Thread finished: jp@gc - Ultimate Thread Group - SpikeTest 1-123
2020-10-20 14:24:36,289 INFO o.a.j.t.JMeterThread: Stopping because end time detected by thread: jp@gc - Ultimate Thread Group - SpikeTest 1-63
2020-10-20 14:24:36,289 INFO o.a.j.t.JMeterThread: Thread finished: jp@gc - Ultimate Thread Group - SpikeTest 1-63
2020-10-20 14:24:36,393 INFO o.a.j.t.JMeterThread: Stopping because end time detected by thread: jp@gc - Ultimate Thread Group - SpikeTest 1-199
2020-10-20 14:24:36,393 INFO o.a.j.t.JMeterThread: Thread finished: jp@gc - Ultimate Thread Group - SpikeTest 1-199
2020-10-20 14:24:36,518 INFO o.a.j.t.JMeterThread: Stopping because end time detected by thread: jp@gc - Ultimate Thread Group - SpikeTest 1-147
2020-10-20 14:24:36,519 INFO o.a.j.t.JMeterThread: Thread finished: jp@gc - Ultimate Thread Group - SpikeTest 1-147
2020-10-20 14:24:36,586 INFO o.a.j.t.JMeterThread: Stopping because end time detected by thread: jp@gc - Ultimate Thread Group - SpikeTest 1-156
2020-10-20 14:24:36,587 INFO o.a.j.t.JMeterThread: Thread finished: jp@gc - Ultimate Thread Group - SpikeTest 1-156
2020-10-20 14:24:36,592 INFO o.a.j.t.JMeterThread: Stopping because end time detected by thread: jp@gc - Ultimate Thread Group - SpikeTest 1-78
2020-10-20 14:24:36,593 INFO o.a.j.t.JMeterThread: Thread finished: jp@gc - Ultimate Thread Group - SpikeTest 1-78
2020-10-20 14:24:36,665 INFO o.a.j.t.JMeterThread: Stopping because end time detected by thread: jp@gc - Ultimate Thread Group - SpikeTest 1-23
2020-10-20 14:24:36,666 INFO o.a.j.t.JMeterThread: Thread finished: jp@gc - Ultimate Thread Group - SpikeTest 1-23
2020-10-20 14:24:36,747 INFO o.a.j.t.JMeterThread: Stopping because end time detected by thread: jp@gc - Ultimate Thread Group - SpikeTest 1-87
2020-10-20 14:24:36,748 INFO o.a.j.t.JMeterThread: Thread finished: jp@gc - Ultimate Thread Group - SpikeTest 1-87
2020-10-20 14:24:36,778 INFO o.a.j.t.JMeterThread: Stopping because end time detected by thread: jp@gc - Ultimate Thread Group - SpikeTest 1-11
2020-10-20 14:24:36,779 INFO o.a.j.t.JMeterThread: Thread finished: jp@gc - Ultimate Thread Group - SpikeTest 1-11
2020-10-20 14:24:36,789 INFO o.a.j.t.JMeterThread: Stopping because end time detected by thread: jp@gc - Ultimate Thread Group - SpikeTest 1-175
2020-10-20 14:24:36,789 INFO o.a.j.t.JMeterThread: Thread finished: jp@gc - Ultimate Thread Group - SpikeTest 1-175
2020-10-20 14:24:36,796 INFO o.a.j.t.JMeterThread: Stopping because end time detected by thread: jp@gc - Ultimate Thread Group - SpikeTest 1-69
2020-10-20 14:24:36,796 INFO o.a.j.t.JMeterThread: Thread finished: jp@gc - Ultimate Thread Group - SpikeTest 1-69
2020-10-20 14:24:36,920 INFO o.a.j.t.JMeterThread: Stopping because end time detected by thread: jp@gc - Ultimate Thread Group - SpikeTest 1-76
2020-10-20 14:24:36,920 INFO o.a.j.t.JMeterThread: Thread finished: jp@gc - Ultimate Thread Group - SpikeTest 1-76
2020-10-20 14:24:36,927 INFO o.a.j.t.JMeterThread: Stopping because end time detected by thread: jp@gc - Ultimate Thread Group - SpikeTest 1-20
2020-10-20 14:24:36,927 INFO o.a.j.t.JMeterThread: Thread finished: jp@gc - Ultimate Thread Group - SpikeTest 1-20
2020-10-20 14:24:36,948 INFO o.a.j.t.JMeterThread: Stopping because end time detected by thread: jp@gc - Ultimate Thread Group - SpikeTest 1-1
2020-10-20 14:24:36,949 INFO o.a.j.t.JMeterThread: Thread finished: jp@gc - Ultimate Thread Group - SpikeTest 1-1
2020-10-20 14:24:36,980 INFO o.a.j.t.JMeterThread: Stopping because end time detected by thread: jp@gc - Ultimate Thread Group - SpikeTest 1-6
2020-10-20 14:24:36,980 INFO o.a.j.t.JMeterThread: Thread finished: jp@gc - Ultimate Thread Group - SpikeTest 1-6
2020-10-20 14:24:36,985 INFO o.a.j.t.JMeterThread: Stopping because end time detected by thread: jp@gc - Ultimate Thread Group - SpikeTest 1-7
2020-10-20 14:24:36,985 INFO o.a.j.t.JMeterThread: Thread finished: jp@gc - Ultimate Thread Group - SpikeTest 1-7
2020-10-20 14:24:37,018 INFO o.a.j.t.JMeterThread: Stopping because end time detected by thread: jp@gc - Ultimate Thread Group - SpikeTest 1-46
2020-10-20 14:24:37,019 INFO o.a.j.t.JMeterThread: Thread finished: jp@gc - Ultimate Thread Group - SpikeTest 1-46
2020-10-20 14:24:37,267 INFO o.a.j.t.JMeterThread: Stopping because end time detected by thread: jp@gc - Ultimate Thread Group - SpikeTest 1-139
2020-10-20 14:24:37,267 INFO o.a.j.t.JMeterThread: Thread finished: jp@gc - Ultimate Thread Group - SpikeTest 1-139
2020-10-20 14:24:37,394 INFO o.a.j.t.JMeterThread: Stopping because end time detected by thread: jp@gc - Ultimate Thread Group - SpikeTest 1-179
2020-10-20 14:24:37,394 INFO o.a.j.t.JMeterThread: Thread finished: jp@gc - Ultimate Thread Group - SpikeTest 1-179
2020-10-20 14:24:37,462 INFO o.a.j.t.JMeterThread: Stopping because end time detected by thread: jp@gc - Ultimate Thread Group - SpikeTest 1-174
2020-10-20 14:24:37,462 INFO o.a.j.t.JMeterThread: Thread finished: jp@gc - Ultimate Thread Group - SpikeTest 1-174
2020-10-20 14:24:37,509 INFO o.a.j.t.JMeterThread: Stopping because end time detected by thread: jp@gc - Ultimate Thread Group - SpikeTest 1-5
2020-10-20 14:24:37,510 INFO o.a.j.t.JMeterThread: Thread finished: jp@gc - Ultimate Thread Group - SpikeTest 1-5
2020-10-20 14:24:37,703 INFO o.a.j.t.JMeterThread: Stopping because end time detected by thread: jp@gc - Ultimate Thread Group - SpikeTest 1-80
2020-10-20 14:24:37,703 INFO o.a.j.t.JMeterThread: Thread finished: jp@gc - Ultimate Thread Group - SpikeTest 1-80
2020-10-20 14:24:37,791 INFO o.a.j.t.JMeterThread: Stopping because end time detected by thread: jp@gc - Ultimate Thread Group - SpikeTest 1-27
2020-10-20 14:24:37,791 INFO o.a.j.t.JMeterThread: Thread finished: jp@gc - Ultimate Thread Group - SpikeTest 1-27
2020-10-20 14:24:37,811 INFO o.a.j.t.JMeterThread: Stopping because end time detected by thread: jp@gc - Ultimate Thread Group - SpikeTest 1-196
2020-10-20 14:24:37,812 INFO o.a.j.t.JMeterThread: Thread finished: jp@gc - Ultimate Thread Group - SpikeTest 1-196
2020-10-20 14:24:38,026 INFO o.a.j.t.JMeterThread: Stopping because end time detected by thread: jp@gc - Ultimate Thread Group - SpikeTest 1-72
2020-10-20 14:24:38,026 INFO o.a.j.t.JMeterThread: Thread finished: jp@gc - Ultimate Thread Group - SpikeTest 1-72
2020-10-20 14:24:38,035 INFO o.a.j.t.JMeterThread: Stopping because end time detected by thread: jp@gc - Ultimate Thread Group - SpikeTest 1-59
2020-10-20 14:24:38,035 INFO o.a.j.t.JMeterThread: Thread finished: jp@gc - Ultimate Thread Group - SpikeTest 1-59
2020-10-20 14:24:38,051 INFO o.a.j.t.JMeterThread: Stopping because end time detected by thread: jp@gc - Ultimate Thread Group - SpikeTest 1-18
2020-10-20 14:24:38,052 INFO o.a.j.t.JMeterThread: Thread finished: jp@gc - Ultimate Thread Group - SpikeTest 1-18
2020-10-20 14:24:38,055 INFO o.a.j.e.StandardJMeterEngine: Notifying test listeners of end of test
2020-10-20 14:24:38,065 INFO o.a.j.r.Summariser: summary +    230 in 00:00:03 =   75.2/s Avg:  2468 Min:   267 Max:  6737 Err:   200 (86.96%) Active: 0 Started: 200 Finished: 200
2020-10-20 14:24:38,068 INFO o.a.j.r.Summariser: summary =    231 in 00:00:27 =    8.4/s Avg:  2475 Min:   267 Max:  6737 Err:   201 (87.01%)
2020-10-20 14:24:38,075 INFO o.a.j.JMeter: Generating Dashboard
2020-10-20 14:24:38,075 INFO o.a.j.r.d.ReportGenerator: Flushing result collector before report Generation
2020-10-20 14:24:38,113 INFO o.a.j.r.p.NormalizerSampleConsumer: Using format, 'ms', to parse timeStamp field
2020-10-20 14:24:38,305 INFO o.a.j.r.p.AbstractSampleConsumer: class org.apache.jmeter.report.processor.AggregateConsumer#stopProducing(): beginDate produced 0 samples
2020-10-20 14:24:38,305 INFO o.a.j.r.p.AbstractSampleConsumer: class org.apache.jmeter.report.processor.AggregateConsumer#stopProducing(): endDate produced 0 samples
2020-10-20 14:24:38,307 INFO o.a.j.r.p.AbstractSampleConsumer: class org.apache.jmeter.report.processor.ApdexSummaryConsumer#stopProducing(): apdexSummary produced 0 samples
2020-10-20 14:24:38,308 INFO o.a.j.r.p.AbstractSampleConsumer: class org.apache.jmeter.report.processor.RequestsSummaryConsumer#stopProducing(): requestsSummary produced 0 samples
2020-10-20 14:24:38,313 INFO o.a.j.r.p.AbstractSampleConsumer: class org.apache.jmeter.report.processor.StatisticsSummaryConsumer#stopProducing(): statisticsSummary produced 0 samples
2020-10-20 14:24:38,316 INFO o.a.j.r.p.AbstractSampleConsumer: class org.apache.jmeter.report.processor.Top5ErrorsBySamplerConsumer#stopProducing(): top5ErrorsBySampler produced 0 samples
2020-10-20 14:24:38,317 INFO o.a.j.r.p.AbstractSampleConsumer: class org.apache.jmeter.report.processor.ErrorsSummaryConsumer#stopProducing(): errorsSummary produced 0 samples
2020-10-20 14:24:38,317 INFO o.a.j.r.p.AbstractSampleConsumer: class org.apache.jmeter.report.processor.graph.impl.HitsPerSecondGraphConsumer#stopProducing(): hitsPerSecond produced 0 samples
2020-10-20 14:24:38,350 INFO o.a.j.r.p.AbstractSampleConsumer: class org.apache.jmeter.report.processor.graph.impl.LatencyVSRequestGraphConsumer#stopProducing(): latencyVsRequest produced 0 samples
2020-10-20 14:24:38,350 INFO o.a.j.r.p.AbstractSampleConsumer: class org.apache.jmeter.report.processor.graph.impl.SyntheticResponseTimeDistributionGraphConsumer#stopProducing(): syntheticResponseTimeDistribution produced 0 samples
2020-10-20 14:24:38,351 INFO o.a.j.r.p.AbstractSampleConsumer: class org.apache.jmeter.report.processor.graph.impl.BytesThroughputGraphConsumer#stopProducing(): bytesThroughputOverTime produced 0 samples
2020-10-20 14:24:38,351 INFO o.a.j.r.p.AbstractSampleConsumer: class org.apache.jmeter.report.processor.graph.impl.CodesPerSecondGraphConsumer#stopProducing(): codesPerSecond produced 0 samples
2020-10-20 14:24:38,370 INFO o.a.j.r.p.AbstractSampleConsumer: class org.apache.jmeter.report.processor.graph.impl.ResponseTimeVSRequestGraphConsumer#stopProducing(): responseTimeVsRequest produced 0 samples
2020-10-20 14:24:38,371 INFO o.a.j.r.p.AbstractSampleConsumer: class org.apache.jmeter.report.processor.FilterConsumer#stopProducing(): startIntervalControlerFilter produced 1617 samples
2020-10-20 14:24:38,371 INFO o.a.j.r.p.AbstractSampleConsumer: class org.apache.jmeter.report.processor.graph.impl.TotalTPSGraphConsumer#stopProducing(): totalTPS produced 0 samples
2020-10-20 14:24:38,371 INFO o.a.j.r.p.AbstractSampleConsumer: class org.apache.jmeter.report.processor.graph.impl.ActiveThreadsGraphConsumer#stopProducing(): activeThreadsOverTime produced 0 samples
2020-10-20 14:24:38,371 INFO o.a.j.r.p.AbstractSampleConsumer: class org.apache.jmeter.report.processor.graph.impl.TimeVSThreadGraphConsumer#stopProducing(): timeVsThreads produced 0 samples
2020-10-20 14:24:38,372 INFO o.a.j.r.p.AbstractSampleConsumer: class org.apache.jmeter.report.processor.graph.impl.ResponseTimeDistributionGraphConsumer#stopProducing(): responseTimeDistribution produced 0 samples
2020-10-20 14:24:38,372 INFO o.a.j.r.p.AbstractSampleConsumer: class org.apache.jmeter.report.processor.graph.impl.TransactionsPerSecondGraphConsumer#stopProducing(): transactionsPerSecond produced 0 samples
2020-10-20 14:24:38,372 INFO o.a.j.r.p.AbstractSampleConsumer: class org.apache.jmeter.report.processor.graph.impl.ResponseTimePercentilesGraphConsumer#stopProducing(): responseTimePercentiles produced 0 samples
2020-10-20 14:24:38,375 INFO o.a.j.r.p.AbstractSampleConsumer: class org.apache.jmeter.report.processor.graph.impl.ResponseTimePercentilesOverTimeGraphConsumer#stopProducing(): responseTimePercentilesOverTime produced 0 samples
2020-10-20 14:24:38,376 INFO o.a.j.r.p.AbstractSampleConsumer: class org.apache.jmeter.report.processor.graph.impl.ResponseTimeOverTimeGraphConsumer#stopProducing(): responseTimesOverTime produced 0 samples
2020-10-20 14:24:38,376 INFO o.a.j.r.p.AbstractSampleConsumer: class org.apache.jmeter.report.processor.graph.impl.ConnectTimeOverTimeGraphConsumer#stopProducing(): connectTimeOverTime produced 0 samples
2020-10-20 14:24:38,376 INFO o.a.j.r.p.AbstractSampleConsumer: class org.apache.jmeter.report.processor.graph.impl.LatencyOverTimeGraphConsumer#stopProducing(): latenciesOverTime produced 0 samples
2020-10-20 14:24:38,376 INFO o.a.j.r.p.AbstractSampleConsumer: class org.apache.jmeter.report.processor.FilterConsumer#stopProducing(): nameFilter produced 3465 samples
2020-10-20 14:24:38,376 INFO o.a.j.r.p.AbstractSampleConsumer: class org.apache.jmeter.report.processor.FilterConsumer#stopProducing(): dateRangeFilter produced 693 samples
2020-10-20 14:24:38,376 INFO o.a.j.r.p.AbstractSampleConsumer: class org.apache.jmeter.report.processor.NormalizerSampleConsumer#stopProducing(): normalizer produced 231 samples
2020-10-20 14:24:38,377 INFO o.a.j.r.p.CsvFileSampleSource: produce(): 231 samples produced in 220ms on channel 0
2020-10-20 14:24:38,378 INFO o.a.j.r.d.ReportGenerator: Exporting data using exporter:'json' of className:'org.apache.jmeter.report.dashboard.JsonExporter'
2020-10-20 14:24:38,380 INFO o.a.j.r.d.JsonExporter: Found data for consumer statisticsSummaryin context
2020-10-20 14:24:38,380 INFO o.a.j.r.d.JsonExporter: Creating statistics for overall
2020-10-20 14:24:38,381 INFO o.a.j.r.d.JsonExporter: Creating statistics for other transactions
2020-10-20 14:24:38,382 INFO o.a.j.r.d.JsonExporter: Checking output folder
2020-10-20 14:24:38,383 INFO o.a.j.r.d.JsonExporter: Writing statistics JSON to C:\Users\USER\Desktop\JMeter-BlazeDemo\Test Reports\BlazeMeterSpikeResults\statistics.json
2020-10-20 14:24:38,651 INFO o.a.j.r.d.ReportGenerator: Exporting data using exporter:'html' of className:'org.apache.jmeter.report.dashboard.HtmlTemplateExporter'
2020-10-20 14:24:38,658 INFO o.a.j.r.d.HtmlTemplateExporter: Will generate dashboard in folder: C:\Users\USER\Desktop\JMeter-BlazeDemo\Test Reports\BlazeMeterSpikeResults
2020-10-20 14:24:38,883 ERROR f.configuration: DefaultObjectWrapper.incompatibleImprovements was set to the object returned by Configuration.getVersion(). That defeats the purpose of incompatibleImprovements, and makes upgrading FreeMarker a potentially breaking change. Also, this probably won't be allowed starting from 2.4.0. Instead, set incompatibleImprovements to the highest concrete version that's known to be compatible with your application.
2020-10-20 14:24:38,885 ERROR f.configuration: Configuration.incompatibleImprovements was set to the object returned by Configuration.getVersion(). That defeats the purpose of incompatibleImprovements, and makes upgrading FreeMarker a potentially breaking change. Also, this probably won't be allowed starting from 2.4.0. Instead, set incompatibleImprovements to the highest concrete version that's known to be compatible with your application.
2020-10-20 14:24:38,897 INFO o.a.j.r.d.HtmlTemplateExporter: Report will be generated in: C:\Users\USER\Desktop\JMeter-BlazeDemo\Test Reports\BlazeMeterSpikeResults, creating folder structure
2020-10-20 14:24:38,901 INFO o.a.j.r.d.TemplateVisitor: Copying folder from 'C:\Users\USER\apache-jmeter-5.3\bin\report-template' to 'C:\Users\USER\Desktop\JMeter-BlazeDemo\Test Reports\BlazeMeterSpikeResults', got message: C:\Users\USER\Desktop\JMeter-BlazeDemo\Test Reports\BlazeMeterSpikeResults, found non empty folder with following content [C:\Users\USER\Desktop\JMeter-BlazeDemo\Test Reports\BlazeMeterSpikeResults\SpikeReport.csv, C:\Users\USER\Desktop\JMeter-BlazeDemo\Test Reports\BlazeMeterSpikeResults\statistics.json], will be ignored
2020-10-20 14:24:40,440 INFO o.a.j.JMeter: Dashboard generated
